2017-05-16 08:27:05 [scrapy] INFO: Scrapy 1.0.3 started (bot: lianjia)
2017-05-16 08:27:05 [scrapy] INFO: Optional features available: ssl, http11, boto
2017-05-16 08:27:05 [scrapy] INFO: Overridden settings: {'NEWSPIDER_MODULE': 'lianjia.spiders', 'SPIDER_MODULES': ['lianjia.spiders'], 'RETRY_TIMES': 100, 'BOT_NAME': 'lianjia', 'DOWNLOAD_TIMEOUT': 20, 'COOKIES_ENABLED': False, 'DOWNLOAD_DELAY': 5}
2017-05-16 08:27:05 [scrapy] INFO: Enabled extensions: CloseSpider, TelnetConsole, LogStats, CoreStats, SpiderState
2017-05-16 08:27:05 [boto] DEBUG: Retrieving credentials from metadata server.
2017-05-16 08:27:06 [boto] ERROR: Caught exception reading instance data
Traceback (most recent call last):
  File "/usr/lib/python2.7/dist-packages/boto/utils.py", line 210, in retry_url
    r = opener.open(req, timeout=timeout)
  File "/usr/lib/python2.7/urllib2.py", line 429, in open
    response = self._open(req, data)
  File "/usr/lib/python2.7/urllib2.py", line 447, in _open
    '_open', req)
  File "/usr/lib/python2.7/urllib2.py", line 407, in _call_chain
    result = func(*args)
  File "/usr/lib/python2.7/urllib2.py", line 1228, in http_open
    return self.do_open(httplib.HTTPConnection, req)
  File "/usr/lib/python2.7/urllib2.py", line 1198, in do_open
    raise URLError(err)
URLError: <urlopen error timed out>
2017-05-16 08:27:06 [boto] ERROR: Unable to read instance data, giving up
2017-05-16 08:27:06 [scrapy] INFO: Enabled downloader middlewares: UserAgent, HttpAuthMiddleware, DownloadTimeoutMiddleware, UserAgentMiddleware, RetryMiddleware, MetaRefreshMiddleware, HttpCompressionMiddleware, RedirectMiddleware, ChunkedTransferMiddleware, DownloaderStats
2017-05-16 08:27:06 [scrapy] INFO: Enabled spider middlewares: HttpErrorMiddleware, OffsiteMiddleware, RefererMiddleware, UrlLengthMiddleware, DepthMiddleware
2017-05-16 08:27:06 [scrapy] INFO: Enabled item pipelines: JsonWriterPipeline
2017-05-16 08:27:06 [scrapy] INFO: Spider opened
2017-05-16 08:27:06 [scrapy] INFO: Crawled 0 pages (at 0 pages/min), scraped 0 items (at 0 items/min)
2017-05-16 08:27:06 [scrapy] DEBUG: Telnet console listening on 127.0.0.1:6023
2017-05-16 08:27:06 [scrapy] DEBUG: Crawled (200) <GET http://bj.lianjia.com/ershoufang/dongcheng/> (referer: None)
2017-05-16 08:27:06 [scrapy] DEBUG: Scraped from <200 http://bj.lianjia.com/ershoufang/dongcheng/>
{'url': [u'http://bj.lianjia.com/ershoufang/101101480583.html',
         u'http://bj.lianjia.com/ershoufang/101101160251.html',
         u'http://bj.lianjia.com/ershoufang/101101375549.html',
         u'http://bj.lianjia.com/ershoufang/101101356771.html',
         u'http://bj.lianjia.com/ershoufang/101101287064.html',
         u'http://bj.lianjia.com/ershoufang/101101477436.html',
         u'http://bj.lianjia.com/ershoufang/101101416017.html',
         u'http://bj.lianjia.com/ershoufang/101101432004.html',
         u'http://bj.lianjia.com/ershoufang/101101568857.html',
         u'http://bj.lianjia.com/ershoufang/101101324889.html',
         u'http://bj.lianjia.com/ershoufang/101101552942.html',
         u'http://bj.lianjia.com/ershoufang/101101449377.html',
         u'http://bj.lianjia.com/ershoufang/101101501323.html',
         u'http://bj.lianjia.com/ershoufang/101101166547.html',
         u'http://bj.lianjia.com/ershoufang/101101318287.html',
         u'http://bj.lianjia.com/ershoufang/101101395399.html',
         u'http://bj.lianjia.com/ershoufang/101101522411.html',
         u'http://bj.lianjia.com/ershoufang/101101496818.html',
         u'http://bj.lianjia.com/ershoufang/101101541439.html',
         u'http://bj.lianjia.com/ershoufang/101101569867.html',
         u'http://bj.lianjia.com/ershoufang/101101272609.html',
         u'http://bj.lianjia.com/ershoufang/101101569372.html',
         u'http://bj.lianjia.com/ershoufang/101101567238.html',
         u'http://bj.lianjia.com/ershoufang/101101517173.html',
         u'http://bj.lianjia.com/ershoufang/101101533141.html',
         u'http://bj.lianjia.com/ershoufang/101101217041.html',
         u'http://bj.lianjia.com/ershoufang/101101525567.html',
         u'http://bj.lianjia.com/ershoufang/101101539907.html',
         u'http://bj.lianjia.com/ershoufang/101101429897.html',
         u'http://bj.lianjia.com/ershoufang/101101150290.html']}
2017-05-16 11:50:04 [scrapy] INFO: Received SIGTERM, shutting down gracefully. Send again to force 
2017-05-16 11:50:04 [scrapy] INFO: Closing spider (shutdown)
2017-05-16 11:50:04 [scrapy] INFO: Crawled 1 pages (at 1 pages/min), scraped 1 items (at 1 items/min)
2017-05-16 11:50:04 [scrapy] DEBUG: Redirecting (302) to <GET http://captcha.lianjia.com/?redirect=http%3A%2F%2Fbj.lianjia.com%2Fershoufang%2Fxicheng%2F> from <GET http://bj.lianjia.com/ershoufang/xicheng/>
2017-05-16 11:50:06 [scrapy] INFO: Crawled 1 pages (at 0 pages/min), scraped 1 items (at 0 items/min)
2017-05-16 11:50:07 [scrapy] DEBUG: Redirecting (302) to <GET http://captcha.lianjia.com/?redirect=http%3A%2F%2Fbj.lianjia.com%2Fershoufang%2Fchaoyang%2Fa1a2%2F> from <GET http://bj.lianjia.com/ershoufang/chaoyang/a1a2/>
2017-05-16 11:50:15 [scrapy] DEBUG: Redirecting (302) to <GET http://captcha.lianjia.com/?redirect=http%3A%2F%2Fbj.lianjia.com%2Fershoufang%2Fchaoyang%2Fa3a4%2F> from <GET http://bj.lianjia.com/ershoufang/chaoyang/a3a4/>
2017-05-16 11:50:22 [scrapy] DEBUG: Redirecting (302) to <GET http://captcha.lianjia.com/?redirect=http%3A%2F%2Fbj.lianjia.com%2Fershoufang%2Fchaoyang%2Fa5a6a7a8%2F> from <GET http://bj.lianjia.com/ershoufang/chaoyang/a5a6a7a8/>
2017-05-16 11:50:28 [scrapy] DEBUG: Redirecting (302) to <GET http://captcha.lianjia.com/?redirect=http%3A%2F%2Fbj.lianjia.com%2Fershoufang%2Fhaidian%2Fa1a2a3a4a5%2F> from <GET http://bj.lianjia.com/ershoufang/haidian/a1a2a3a4a5/>
2017-05-16 11:50:35 [scrapy] DEBUG: Redirecting (302) to <GET http://captcha.lianjia.com/?redirect=http%3A%2F%2Fbj.lianjia.com%2Fershoufang%2Fhaidian%2Fa6a7a8%2F> from <GET http://bj.lianjia.com/ershoufang/haidian/a6a7a8/>
2017-05-16 11:50:41 [scrapy] DEBUG: Redirecting (302) to <GET http://captcha.lianjia.com/?redirect=http%3A%2F%2Fbj.lianjia.com%2Fershoufang%2Ffengtai%2F> from <GET http://bj.lianjia.com/ershoufang/fengtai/>
2017-05-16 11:50:49 [scrapy] DEBUG: Redirecting (302) to <GET http://captcha.lianjia.com/?redirect=http%3A%2F%2Fbj.lianjia.com%2Fershoufang%2Fshijingshan%2F> from <GET http://bj.lianjia.com/ershoufang/shijingshan/>
2017-05-16 11:50:56 [scrapy] DEBUG: Redirecting (302) to <GET http://captcha.lianjia.com/?redirect=http%3A%2F%2Fbj.lianjia.com%2Fershoufang%2Ftongzhou%2F> from <GET http://bj.lianjia.com/ershoufang/tongzhou/>
2017-05-16 11:51:01 [scrapy] DEBUG: Redirecting (302) to <GET http://captcha.lianjia.com/?redirect=http%3A%2F%2Fbj.lianjia.com%2Fershoufang%2Fchangping%2F> from <GET http://bj.lianjia.com/ershoufang/changping/>
2017-05-16 11:51:06 [scrapy] INFO: Crawled 1 pages (at 0 pages/min), scraped 1 items (at 0 items/min)
2017-05-16 11:51:08 [scrapy] DEBUG: Redirecting (302) to <GET http://captcha.lianjia.com/?redirect=http%3A%2F%2Fbj.lianjia.com%2Fershoufang%2Fdaxing%2F> from <GET http://bj.lianjia.com/ershoufang/daxing/>
2017-05-16 11:51:12 [scrapy] DEBUG: Redirecting (302) to <GET http://captcha.lianjia.com/?redirect=http%3A%2F%2Fbj.lianjia.com%2Fershoufang%2Fyizhuangkaifaqu%2F> from <GET http://bj.lianjia.com/ershoufang/yizhuangkaifaqu/>
2017-05-16 11:51:19 [scrapy] DEBUG: Redirecting (302) to <GET http://captcha.lianjia.com/?redirect=http%3A%2F%2Fbj.lianjia.com%2Fershoufang%2Fshunyi%2F> from <GET http://bj.lianjia.com/ershoufang/shunyi/>
2017-05-16 11:51:26 [scrapy] DEBUG: Redirecting (302) to <GET http://captcha.lianjia.com/?redirect=http%3A%2F%2Fbj.lianjia.com%2Fershoufang%2Ffangshan%2F> from <GET http://bj.lianjia.com/ershoufang/fangshan/>
2017-05-16 11:51:33 [scrapy] DEBUG: Redirecting (302) to <GET http://captcha.lianjia.com/?redirect=http%3A%2F%2Fbj.lianjia.com%2Fershoufang%2Fmentougou%2F> from <GET http://bj.lianjia.com/ershoufang/mentougou/>
2017-05-16 11:51:40 [scrapy] DEBUG: Redirecting (302) to <GET http://captcha.lianjia.com/?redirect=http%3A%2F%2Fbj.lianjia.com%2Fershoufang%2Fpinggu%2F> from <GET http://bj.lianjia.com/ershoufang/pinggu/>
2017-05-16 11:51:40 [scrapy] INFO: Dumping Scrapy stats:
{'downloader/request_bytes': 3603,
 'downloader/request_count': 17,
 'downloader/request_method_count/GET': 17,
 'downloader/response_bytes': 38646,
 'downloader/response_count': 17,
 'downloader/response_status_count/200': 1,
 'downloader/response_status_count/302': 16,
 'finish_reason': 'shutdown',
 'finish_time': datetime.datetime(2017, 5, 16, 3, 51, 40, 865579),
 'item_scraped_count': 1,
 'log_count/DEBUG': 20,
 'log_count/ERROR': 2,
 'log_count/INFO': 11,
 'request_depth_max': 1,
 'response_received_count': 1,
 'scheduler/dequeued': 17,
 'scheduler/dequeued/memory': 17,
 'scheduler/enqueued': 34,
 'scheduler/enqueued/memory': 34,
 'start_time': datetime.datetime(2017, 5, 16, 0, 27, 6, 486428)}
2017-05-16 11:51:40 [scrapy] INFO: Spider closed (shutdown)
********Current UserAgent:Mozilla/5.0 (Windows NT 6.2) AppleWebKit/536.3 (KHTML, like Gecko) Chrome/19.0.1062.0 Safari/536.3************
********Current UserAgent:Mozilla/5.0 (Windows NT 6.2; WOW64) AppleWebKit/537.1 (KHTML, like Gecko) Chrome/19.77.34.5 Safari/537.1************
********Current UserAgent:Mozilla/5.0 (Windows NT 6.2; WOW64) AppleWebKit/535.24 (KHTML, like Gecko) Chrome/19.0.1055.1 Safari/535.24************
********Current UserAgent:Mozilla/5.0 (Macintosh; Intel Mac OS X 10_8_0) AppleWebKit/536.3 (KHTML, like Gecko) Chrome/19.0.1063.0 Safari/536.3************
********Current UserAgent:Mozilla/5.0 (Windows NT 6.2; WOW64) AppleWebKit/535.24 (KHTML, like Gecko) Chrome/19.0.1055.1 Safari/535.24************
********Current UserAgent:Mozilla/5.0 (Windows NT 6.1; WOW64) AppleWebKit/537.1 (KHTML, like Gecko) Chrome/22.0.1207.1 Safari/537.1************
********Current UserAgent:Mozilla/5.0 (Windows NT 6.1; WOW64) AppleWebKit/536.3 (KHTML, like Gecko) Chrome/19.0.1062.0 Safari/536.3************
********Current UserAgent:Mozilla/5.0 (Windows NT 6.2) AppleWebKit/536.3 (KHTML, like Gecko) Chrome/19.0.1062.0 Safari/536.3************
********Current UserAgent:Mozilla/5.0 (X11; CrOS i686 2268.111.0) AppleWebKit/536.11 (KHTML, like Gecko) Chrome/20.0.1132.57 Safari/536.11************
********Current UserAgent:Mozilla/5.0 (Windows NT 6.2) AppleWebKit/536.3 (KHTML, like Gecko) Chrome/19.0.1062.0 Safari/536.3************
********Current UserAgent:Mozilla/5.0 (Windows NT 6.1; WOW64) AppleWebKit/536.3 (KHTML, like Gecko) Chrome/19.0.1061.1 Safari/536.3************
********Current UserAgent:Mozilla/5.0 (Windows NT 6.2) AppleWebKit/536.3 (KHTML, like Gecko) Chrome/19.0.1062.0 Safari/536.3************
********Current UserAgent:Mozilla/5.0 (Windows NT 6.2) AppleWebKit/536.6 (KHTML, like Gecko) Chrome/20.0.1090.0 Safari/536.6************
********Current UserAgent:Mozilla/5.0 (Windows NT 6.2; WOW64) AppleWebKit/535.24 (KHTML, like Gecko) Chrome/19.0.1055.1 Safari/535.24************
********Current UserAgent:Mozilla/5.0 (Windows NT 6.1; WOW64) AppleWebKit/536.3 (KHTML, like Gecko) Chrome/19.0.1062.0 Safari/536.3************
********Current UserAgent:Mozilla/5.0 (Windows NT 6.0) AppleWebKit/536.5 (KHTML, like Gecko) Chrome/19.0.1084.36 Safari/536.5************
********Current UserAgent:Mozilla/5.0 (Macintosh; Intel Mac OS X 10_8_0) AppleWebKit/536.3 (KHTML, like Gecko) Chrome/19.0.1063.0 Safari/536.3************
http://bj.lianjia.com/ershoufang/dongcheng/pg2/
