2017-05-12 20:15:20 [scrapy] INFO: Scrapy 1.0.3 started (bot: lianjia)
2017-05-12 20:15:20 [scrapy] INFO: Optional features available: ssl, http11, boto
2017-05-12 20:15:20 [scrapy] INFO: Overridden settings: {'NEWSPIDER_MODULE': 'lianjia.spiders', 'SPIDER_MODULES': ['lianjia.spiders'], 'BOT_NAME': 'lianjia', 'DOWNLOAD_TIMEOUT': 10, 'COOKIES_ENABLED': False, 'DOWNLOAD_DELAY': 3}
2017-05-12 20:15:20 [scrapy] INFO: Enabled extensions: CloseSpider, TelnetConsole, LogStats, CoreStats, SpiderState
2017-05-12 20:15:20 [boto] DEBUG: Retrieving credentials from metadata server.
2017-05-12 20:15:21 [boto] ERROR: Caught exception reading instance data
Traceback (most recent call last):
  File "/usr/lib/python2.7/dist-packages/boto/utils.py", line 210, in retry_url
    r = opener.open(req, timeout=timeout)
  File "/usr/lib/python2.7/urllib2.py", line 429, in open
    response = self._open(req, data)
  File "/usr/lib/python2.7/urllib2.py", line 447, in _open
    '_open', req)
  File "/usr/lib/python2.7/urllib2.py", line 407, in _call_chain
    result = func(*args)
  File "/usr/lib/python2.7/urllib2.py", line 1228, in http_open
    return self.do_open(httplib.HTTPConnection, req)
  File "/usr/lib/python2.7/urllib2.py", line 1198, in do_open
    raise URLError(err)
URLError: <urlopen error timed out>
2017-05-12 20:15:21 [boto] ERROR: Unable to read instance data, giving up
2017-05-12 20:15:21 [scrapy] INFO: Enabled downloader middlewares: HttpAuthMiddleware, DownloadTimeoutMiddleware, UserAgentMiddleware, HttpProxyMiddleware, RetryMiddleware, MetaRefreshMiddleware, HttpCompressionMiddleware, RedirectMiddleware, ChunkedTransferMiddleware, DownloaderStats
2017-05-12 20:15:21 [scrapy] INFO: Enabled spider middlewares: HttpErrorMiddleware, OffsiteMiddleware, RefererMiddleware, UrlLengthMiddleware, DepthMiddleware
2017-05-12 20:15:21 [scrapy] INFO: Enabled item pipelines: JsonWriterPipeline
2017-05-12 20:15:21 [scrapy] INFO: Spider opened
2017-05-12 20:15:21 [scrapy] INFO: Crawled 0 pages (at 0 pages/min), scraped 0 items (at 0 items/min)
2017-05-12 20:15:21 [scrapy] DEBUG: Telnet console listening on 127.0.0.1:6024
2017-05-12 20:15:21 [lianjia.HttpProxyMiddleware] DEBUG: None 302 http://bj.lianjia.com/zufang/
2017-05-12 20:15:21 [lianjia.HttpProxyMiddleware] INFO: response status not in spider.website_possible_httpstatus_list
2017-05-12 20:15:21 [lianjia.HttpProxyMiddleware] INFO: now using new proxy: http://222.161.3.163:9797
2017-05-12 20:15:24 [lianjia.HttpProxyMiddleware] DEBUG: http://222.161.3.163:9797 200 http://bj.lianjia.com/zufang/
2017-05-12 20:15:24 [scrapy] DEBUG: Crawled (200) <GET http://bj.lianjia.com/zufang/> (referer: None)
2017-05-12 20:15:27 [lianjia.HttpProxyMiddleware] DEBUG: http://222.161.3.163:9797 200 http://bj.lianjia.com/zufang/BJ0002718542.html
2017-05-12 20:15:27 [scrapy] DEBUG: Crawled (200) <GET http://bj.lianjia.com/zufang/BJ0002718542.html> (referer: http://bj.lianjia.com/zufang/)
2017-05-12 20:15:27 [scrapy] DEBUG: Scraped from <200 http://bj.lianjia.com/zufang/BJ0002718542.html>
{'area': u'\u5927\u5174 \u9ec4\u6751\u4e2d',
 'community': u'\u4e09\u5408\u5357\u91cc',
 'floor': u'\u9ad8\u697c\u5c42 (\u51716\u5c42)',
 'housearea': u'65.46\u5e73\u7c73',
 'latitude': '116.332219,39.74026',
 'orient': u'\u5357',
 'pay': u'',
 'price': u'3720',
 'status': u'\u914d\u7f6e\u4e2d',
 'style': u'2\u5ba41\u53851\u536b  \u6574\u79df',
 'tag': '',
 'trans': u'\u8ddd\u5730\u94c14\u53f7\u7ebf\u9ec4\u6751\u897f\u5927\u8857932\u7c73',
 'url': 'http://bj.lianjia.com/zufang/BJ0002718542.html',
 'warm': u'\u96c6\u4e2d\u4f9b\u6696',
 'way': u'\u6574\u79df'}
2017-05-12 20:15:34 [lianjia.HttpProxyMiddleware] DEBUG: http://222.161.3.163:9797 200 http://bj.lianjia.com/zufang/BJ0002718432.html
2017-05-12 20:15:34 [scrapy] DEBUG: Crawled (200) <GET http://bj.lianjia.com/zufang/BJ0002718432.html> (referer: http://bj.lianjia.com/zufang/)
2017-05-12 20:15:34 [scrapy] DEBUG: Scraped from <200 http://bj.lianjia.com/zufang/BJ0002718432.html>
{'area': u'\u4e30\u53f0 \u89d2\u95e8',
 'community': u'\u6d0b\u6865\u804c\u5de5\u4f4f\u5b85',
 'floor': u'\u4e2d\u697c\u5c42 (\u517121\u5c42)',
 'housearea': u'20\u5e73\u7c73',
 'latitude': '116.395865,39.852852',
 'orient': u'\u5317',
 'pay': u'',
 'price': u'2390',
 'status': u'\u914d\u7f6e\u4e2d',
 'style': u'4\u5ba41\u53851\u536b  \u5408\u79df',
 'tag': '',
 'trans': u'\u6682\u65e0\u6570\u636e',
 'url': 'http://bj.lianjia.com/zufang/BJ0002718432.html',
 'warm': u'\u6682\u65e0\u6570\u636e',
 'way': u'\u5408\u79df'}
2017-05-12 20:15:37 [lianjia.HttpProxyMiddleware] DEBUG: http://222.161.3.163:9797 200 http://bj.lianjia.com/zufang/BJ0002718433.html
2017-05-12 20:15:37 [scrapy] DEBUG: Crawled (200) <GET http://bj.lianjia.com/zufang/BJ0002718433.html> (referer: http://bj.lianjia.com/zufang/)
2017-05-12 20:15:37 [scrapy] DEBUG: Scraped from <200 http://bj.lianjia.com/zufang/BJ0002718433.html>
{'area': u'\u4e30\u53f0 \u89d2\u95e8',
 'community': u'\u6d0b\u6865\u804c\u5de5\u4f4f\u5b85',
 'floor': u'\u4e2d\u697c\u5c42 (\u517121\u5c42)',
 'housearea': u'20\u5e73\u7c73',
 'latitude': '116.395865,39.852852',
 'orient': u'\u5317',
 'pay': u'',
 'price': u'2390',
 'status': u'\u914d\u7f6e\u4e2d',
 'style': u'4\u5ba41\u53851\u536b  \u5408\u79df',
 'tag': '',
 'trans': u'\u6682\u65e0\u6570\u636e',
 'url': 'http://bj.lianjia.com/zufang/BJ0002718433.html',
 'warm': u'\u6682\u65e0\u6570\u636e',
 'way': u'\u5408\u79df'}
2017-05-12 20:15:41 [lianjia.HttpProxyMiddleware] DEBUG: http://222.161.3.163:9797 200 http://bj.lianjia.com/zufang/BJ0002718431.html
2017-05-12 20:15:41 [scrapy] DEBUG: Crawled (200) <GET http://bj.lianjia.com/zufang/BJ0002718431.html> (referer: http://bj.lianjia.com/zufang/)
2017-05-12 20:15:41 [scrapy] DEBUG: Scraped from <200 http://bj.lianjia.com/zufang/BJ0002718431.html>
{'area': u'\u4e30\u53f0 \u89d2\u95e8',
 'community': u'\u6d0b\u6865\u804c\u5de5\u4f4f\u5b85',
 'floor': u'\u4e2d\u697c\u5c42 (\u517121\u5c42)',
 'housearea': u'20\u5e73\u7c73',
 'latitude': '116.395865,39.852852',
 'orient': u'\u5357',
 'pay': u'',
 'price': u'3590',
 'status': u'\u914d\u7f6e\u4e2d',
 'style': u'4\u5ba41\u53851\u536b  \u5408\u79df',
 'tag': '',
 'trans': u'\u6682\u65e0\u6570\u636e',
 'url': 'http://bj.lianjia.com/zufang/BJ0002718431.html',
 'warm': u'\u6682\u65e0\u6570\u636e',
 'way': u'\u5408\u79df'}
2017-05-12 20:15:45 [lianjia.HttpProxyMiddleware] DEBUG: http://222.161.3.163:9797 200 http://bj.lianjia.com/zufang/BJ0002718493.html
2017-05-12 20:15:45 [scrapy] DEBUG: Crawled (200) <GET http://bj.lianjia.com/zufang/BJ0002718493.html> (referer: http://bj.lianjia.com/zufang/)
2017-05-12 20:15:46 [scrapy] DEBUG: Scraped from <200 http://bj.lianjia.com/zufang/BJ0002718493.html>
{'area': u'\u4e1c\u57ce \u5de5\u4f53',
 'community': u'\u6625\u79c0\u8def',
 'floor': u'\u4e2d\u697c\u5c42 (\u51716\u5c42)',
 'housearea': u'54.92\u5e73\u7c73',
 'latitude': '116.450229,39.946158',
 'orient': u'\u4e1c',
 'pay': u'',
 'price': u'6990',
 'status': u'\u914d\u7f6e\u4e2d',
 'style': u'2\u5ba41\u53851\u536b  \u6574\u79df',
 'tag': '',
 'trans': u'\u8ddd\u5730\u94c12\u53f7\u7ebf\u4e1c\u76f4\u95e8888\u7c73',
 'url': 'http://bj.lianjia.com/zufang/BJ0002718493.html',
 'warm': u'\u96c6\u4e2d\u4f9b\u6696',
 'way': u'\u6574\u79df'}
2017-05-12 20:15:50 [lianjia.HttpProxyMiddleware] DEBUG: http://222.161.3.163:9797 200 http://bj.lianjia.com/zufang/BJ0002718497.html
2017-05-12 20:15:50 [scrapy] DEBUG: Crawled (200) <GET http://bj.lianjia.com/zufang/BJ0002718497.html> (referer: http://bj.lianjia.com/zufang/)
2017-05-12 20:15:50 [scrapy] DEBUG: Scraped from <200 http://bj.lianjia.com/zufang/BJ0002718497.html>
{'area': u'\u671d\u9633 CBD',
 'community': u'\u9633\u5149100',
 'floor': u'\u4f4e\u697c\u5c42 (\u517133\u5c42)',
 'housearea': u'48.69\u5e73\u7c73',
 'latitude': '116.48154,39.918388',
 'orient': u'\u5317',
 'pay': u'',
 'price': u'7860',
 'status': u'\u914d\u7f6e\u4e2d',
 'style': u'1\u5ba41\u53851\u536b  \u6574\u79df',
 'tag': '',
 'trans': u'\u8ddd\u5730\u94c11\u53f7\u7ebf\u5927\u671b\u8def710\u7c73',
 'url': 'http://bj.lianjia.com/zufang/BJ0002718497.html',
 'warm': u'\u96c6\u4e2d\u4f9b\u6696',
 'way': u'\u6574\u79df'}
2017-05-12 20:15:50 [lianjia.HttpProxyMiddleware] DEBUG: http://222.161.3.163:9797 200 http://bj.lianjia.com/zufang/BJ0002718667.html
2017-05-12 20:15:50 [scrapy] DEBUG: Crawled (200) <GET http://bj.lianjia.com/zufang/BJ0002718667.html> (referer: http://bj.lianjia.com/zufang/)
2017-05-12 20:15:51 [scrapy] DEBUG: Scraped from <200 http://bj.lianjia.com/zufang/BJ0002718667.html>
{'area': u'\u901a\u5dde \u68a8\u56ed',
 'community': u'\u7ee3\u6c5f\u5357',
 'floor': u'\u9ad8\u697c\u5c42 (\u51716\u5c42)',
 'housearea': u'18\u5e73\u7c73',
 'latitude': '116.665969,39.871777',
 'orient': u'\u5357',
 'pay': u'',
 'price': u'1690',
 'status': u'\u914d\u7f6e\u4e2d',
 'style': u'4\u5ba41\u53851\u536b  \u5408\u79df',
 'tag': '',
 'trans': u'\u6682\u65e0\u6570\u636e',
 'url': 'http://bj.lianjia.com/zufang/BJ0002718667.html',
 'warm': u'\u96c6\u4e2d\u4f9b\u6696',
 'way': u'\u5408\u79df'}
2017-05-12 20:15:59 [lianjia.HttpProxyMiddleware] DEBUG: http://222.161.3.163:9797 200 http://bj.lianjia.com/zufang/BJ0002718664.html
2017-05-12 20:15:59 [scrapy] DEBUG: Crawled (200) <GET http://bj.lianjia.com/zufang/BJ0002718664.html> (referer: http://bj.lianjia.com/zufang/)
2017-05-12 20:15:59 [scrapy] DEBUG: Scraped from <200 http://bj.lianjia.com/zufang/BJ0002718664.html>
{'area': u'\u901a\u5dde \u68a8\u56ed',
 'community': u'\u7ee3\u6c5f\u5357',
 'floor': u'\u9ad8\u697c\u5c42 (\u51716\u5c42)',
 'housearea': u'25\u5e73\u7c73',
 'latitude': '116.665969,39.871777',
 'orient': u'\u5357',
 'pay': u'',
 'price': u'2030',
 'status': u'\u914d\u7f6e\u4e2d',
 'style': u'4\u5ba41\u53851\u536b  \u5408\u79df',
 'tag': '',
 'trans': u'\u6682\u65e0\u6570\u636e',
 'url': 'http://bj.lianjia.com/zufang/BJ0002718664.html',
 'warm': u'\u96c6\u4e2d\u4f9b\u6696',
 'way': u'\u5408\u79df'}
2017-05-12 20:16:02 [lianjia.HttpProxyMiddleware] DEBUG: http://222.161.3.163:9797 200 http://bj.lianjia.com/zufang/BJ0002718665.html
2017-05-12 20:16:02 [scrapy] DEBUG: Crawled (200) <GET http://bj.lianjia.com/zufang/BJ0002718665.html> (referer: http://bj.lianjia.com/zufang/)
2017-05-12 20:16:02 [lianjia.HttpProxyMiddleware] DEBUG: http://222.161.3.163:9797 200 http://bj.lianjia.com/zufang/BJ0002718630.html
2017-05-12 20:16:02 [scrapy] DEBUG: Crawled (200) <GET http://bj.lianjia.com/zufang/BJ0002718630.html> (referer: http://bj.lianjia.com/zufang/)
2017-05-12 20:16:02 [scrapy] DEBUG: Scraped from <200 http://bj.lianjia.com/zufang/BJ0002718665.html>
{'area': u'\u901a\u5dde \u68a8\u56ed',
 'community': u'\u7ee3\u6c5f\u5357',
 'floor': u'\u9ad8\u697c\u5c42 (\u51716\u5c42)',
 'housearea': u'14\u5e73\u7c73',
 'latitude': '116.665969,39.871777',
 'orient': u'\u5317',
 'pay': u'',
 'price': u'1360',
 'status': u'\u914d\u7f6e\u4e2d',
 'style': u'4\u5ba41\u53851\u536b  \u5408\u79df',
 'tag': '',
 'trans': u'\u6682\u65e0\u6570\u636e',
 'url': 'http://bj.lianjia.com/zufang/BJ0002718665.html',
 'warm': u'\u96c6\u4e2d\u4f9b\u6696',
 'way': u'\u5408\u79df'}
2017-05-12 20:16:02 [scrapy] DEBUG: Scraped from <200 http://bj.lianjia.com/zufang/BJ0002718630.html>
{'area': u'\u671d\u9633 \u5965\u6797\u5339\u514b\u516c\u56ed',
 'community': u'\u6797\u5965\u5609\u56ed',
 'floor': u'\u9ad8\u697c\u5c42 (\u517127\u5c42)',
 'housearea': u'8.19\u5e73\u7c73',
 'latitude': '116.413699,40.040358',
 'orient': u'\u5357',
 'pay': u'',
 'price': u'2390',
 'status': u'\u914d\u7f6e\u4e2d',
 'style': u'4\u5ba41\u53851\u536b  \u5408\u79df',
 'tag': '',
 'trans': u'\u6682\u65e0\u6570\u636e',
 'url': 'http://bj.lianjia.com/zufang/BJ0002718630.html',
 'warm': u'\u6682\u65e0\u6570\u636e',
 'way': u'\u5408\u79df'}
2017-05-12 20:16:02 [scrapy] DEBUG: Retrying <GET http://bj.lianjia.com/zufang/BJ0002718666.html> (failed 1 times): User timeout caused connection failure.
2017-05-12 20:16:05 [lianjia.HttpProxyMiddleware] DEBUG: http://222.161.3.163:9797 200 http://bj.lianjia.com/zufang/BJ0002718632.html
2017-05-12 20:16:05 [scrapy] DEBUG: Crawled (200) <GET http://bj.lianjia.com/zufang/BJ0002718632.html> (referer: http://bj.lianjia.com/zufang/)
2017-05-12 20:16:05 [scrapy] DEBUG: Scraped from <200 http://bj.lianjia.com/zufang/BJ0002718632.html>
{'area': u'\u671d\u9633 \u5965\u6797\u5339\u514b\u516c\u56ed',
 'community': u'\u6797\u5965\u5609\u56ed',
 'floor': u'\u9ad8\u697c\u5c42 (\u517127\u5c42)',
 'housearea': u'15.4\u5e73\u7c73',
 'latitude': '116.413699,40.040358',
 'orient': u'\u5317',
 'pay': u'',
 'price': u'3060',
 'status': u'\u914d\u7f6e\u4e2d',
 'style': u'4\u5ba41\u53851\u536b  \u5408\u79df',
 'tag': '',
 'trans': u'\u6682\u65e0\u6570\u636e',
 'url': 'http://bj.lianjia.com/zufang/BJ0002718632.html',
 'warm': u'\u6682\u65e0\u6570\u636e',
 'way': u'\u5408\u79df'}
2017-05-12 20:16:09 [lianjia.HttpProxyMiddleware] DEBUG: http://222.161.3.163:9797 200 http://bj.lianjia.com/zufang/BJ0002718627.html
2017-05-12 20:16:09 [scrapy] DEBUG: Crawled (200) <GET http://bj.lianjia.com/zufang/BJ0002718627.html> (referer: http://bj.lianjia.com/zufang/)
2017-05-12 20:16:09 [scrapy] DEBUG: Scraped from <200 http://bj.lianjia.com/zufang/BJ0002718627.html>
{'area': u'\u671d\u9633 \u5965\u6797\u5339\u514b\u516c\u56ed',
 'community': u'\u6797\u5965\u5609\u56ed',
 'floor': u'\u9ad8\u697c\u5c42 (\u517127\u5c42)',
 'housearea': u'16.8\u5e73\u7c73',
 'latitude': '116.413699,40.040358',
 'orient': u'\u5357',
 'pay': u'',
 'price': u'3760',
 'status': u'\u914d\u7f6e\u4e2d',
 'style': u'4\u5ba41\u53851\u536b  \u5408\u79df',
 'tag': '',
 'trans': u'\u6682\u65e0\u6570\u636e',
 'url': 'http://bj.lianjia.com/zufang/BJ0002718627.html',
 'warm': u'\u6682\u65e0\u6570\u636e',
 'way': u'\u5408\u79df'}
2017-05-12 20:16:13 [lianjia.HttpProxyMiddleware] DEBUG: http://222.161.3.163:9797 200 http://bj.lianjia.com/zufang/BJ0002718629.html
2017-05-12 20:16:13 [scrapy] DEBUG: Crawled (200) <GET http://bj.lianjia.com/zufang/BJ0002718629.html> (referer: http://bj.lianjia.com/zufang/)
2017-05-12 20:16:13 [scrapy] DEBUG: Scraped from <200 http://bj.lianjia.com/zufang/BJ0002718629.html>
{'area': u'\u671d\u9633 \u5965\u6797\u5339\u514b\u516c\u56ed',
 'community': u'\u6797\u5965\u5609\u56ed',
 'floor': u'\u9ad8\u697c\u5c42 (\u517127\u5c42)',
 'housearea': u'9.48\u5e73\u7c73',
 'latitude': '116.413699,40.040358',
 'orient': u'\u5317',
 'pay': u'',
 'price': u'2190',
 'status': u'\u914d\u7f6e\u4e2d',
 'style': u'4\u5ba41\u53851\u536b  \u5408\u79df',
 'tag': '',
 'trans': u'\u6682\u65e0\u6570\u636e',
 'url': 'http://bj.lianjia.com/zufang/BJ0002718629.html',
 'warm': u'\u6682\u65e0\u6570\u636e',
 'way': u'\u5408\u79df'}
2017-05-12 20:16:16 [lianjia.HttpProxyMiddleware] DEBUG: http://222.161.3.163:9797 200 http://bj.lianjia.com/zufang/BJ0002718519.html
2017-05-12 20:16:16 [scrapy] DEBUG: Crawled (200) <GET http://bj.lianjia.com/zufang/BJ0002718519.html> (referer: http://bj.lianjia.com/zufang/)
2017-05-12 20:16:17 [scrapy] DEBUG: Scraped from <200 http://bj.lianjia.com/zufang/BJ0002718519.html>
{'area': u'\u4e30\u53f0 \u9a6c\u5bb6\u5821',
 'community': u'\u6668\u5149\u5c0f\u533a',
 'floor': u'\u9ad8\u697c\u5c42 (\u51716\u5c42)',
 'housearea': u'60\u5e73\u7c73',
 'latitude': '116.382479,39.856115',
 'orient': u'\u5357',
 'pay': u'',
 'price': u'5390',
 'status': u'\u914d\u7f6e\u4e2d',
 'style': u'2\u5ba41\u53851\u536b  \u6574\u79df',
 'tag': '',
 'trans': u'\u8ddd\u5730\u94c14\u53f7\u7ebf\u9a6c\u5bb6\u58211017\u7c73',
 'url': 'http://bj.lianjia.com/zufang/BJ0002718519.html',
 'warm': u'\u96c6\u4e2d\u4f9b\u6696',
 'way': u'\u6574\u79df'}
2017-05-12 20:16:20 [lianjia.HttpProxyMiddleware] DEBUG: http://222.161.3.163:9797 200 http://bj.lianjia.com/zufang/BJ0002718140.html
2017-05-12 20:16:20 [scrapy] DEBUG: Crawled (200) <GET http://bj.lianjia.com/zufang/BJ0002718140.html> (referer: http://bj.lianjia.com/zufang/)
2017-05-12 20:16:20 [scrapy] DEBUG: Scraped from <200 http://bj.lianjia.com/zufang/BJ0002718140.html>
{'area': u'\u897f\u57ce \u961c\u6210\u95e8',
 'community': u'\u767e\u4e07\u5e84\u4e11\u533a',
 'floor': u'\u4f4e\u697c\u5c42 (\u51713\u5c42)',
 'housearea': u'10\u5e73\u7c73',
 'latitude': '116.342944,39.936309',
 'orient': u'\u4e1c',
 'pay': u'',
 'price': u'3190',
 'status': u'\u76ee\u524d\u95f2\u7f6e',
 'style': u'3\u5ba41\u53851\u536b  \u5408\u79df',
 'tag': '',
 'trans': u'\u8ddd\u5730\u94c16\u53f7\u7ebf\u8f66\u516c\u5e84\u897f706\u7c73',
 'url': 'http://bj.lianjia.com/zufang/BJ0002718140.html',
 'warm': u'\u6682\u65e0\u6570\u636e',
 'way': u'\u5408\u79df'}
2017-05-12 20:16:21 [scrapy] INFO: Crawled 16 pages (at 16 pages/min), scraped 15 items (at 15 items/min)
2017-05-12 20:16:23 [lianjia.HttpProxyMiddleware] DEBUG: http://222.161.3.163:9797 200 http://bj.lianjia.com/zufang/pg2/
2017-05-12 20:16:23 [scrapy] DEBUG: Crawled (200) <GET http://bj.lianjia.com/zufang/pg2/> (referer: http://bj.lianjia.com/zufang/)
2017-05-12 20:16:23 [scrapy] DEBUG: Filtered duplicate request: <GET http://bj.lianjia.com/zufang/BJ0002718667.html> - no more duplicates will be shown (see DUPEFILTER_DEBUG to show all duplicates)
