2017-05-23 21:40:49 [scrapy] INFO: Scrapy 1.0.3 started (bot: lianjia)
2017-05-23 21:40:49 [scrapy] INFO: Optional features available: ssl, http11, boto
2017-05-23 21:40:49 [scrapy] INFO: Overridden settings: {'NEWSPIDER_MODULE': 'lianjia.spiders', 'SPIDER_MODULES': ['lianjia.spiders'], 'RETRY_HTTP_CODES': [502, 503, 504, 400, 408], 'BOT_NAME': 'lianjia', 'DOWNLOAD_TIMEOUT': 10, 'COOKIES_ENABLED': False, 'RETRY_TIMES': 10, 'DOWNLOAD_DELAY': 3}
2017-05-23 21:40:49 [scrapy] INFO: Enabled extensions: CloseSpider, TelnetConsole, LogStats, CoreStats, SpiderState
2017-05-23 21:40:49 [boto] DEBUG: Retrieving credentials from metadata server.
2017-05-23 21:40:50 [boto] ERROR: Caught exception reading instance data
Traceback (most recent call last):
  File "/usr/lib/python2.7/dist-packages/boto/utils.py", line 210, in retry_url
    r = opener.open(req, timeout=timeout)
  File "/usr/lib/python2.7/urllib2.py", line 429, in open
    response = self._open(req, data)
  File "/usr/lib/python2.7/urllib2.py", line 447, in _open
    '_open', req)
  File "/usr/lib/python2.7/urllib2.py", line 407, in _call_chain
    result = func(*args)
  File "/usr/lib/python2.7/urllib2.py", line 1228, in http_open
    return self.do_open(httplib.HTTPConnection, req)
  File "/usr/lib/python2.7/urllib2.py", line 1198, in do_open
    raise URLError(err)
URLError: <urlopen error timed out>
2017-05-23 21:40:50 [boto] ERROR: Unable to read instance data, giving up
2017-05-23 21:40:50 [scrapy] INFO: Enabled downloader middlewares: UserAgent, HttpAuthMiddleware, HttpProxyMiddleware, DownloadTimeoutMiddleware, UserAgentMiddleware, RetryMiddleware, MetaRefreshMiddleware, HttpCompressionMiddleware, RedirectMiddleware, ChunkedTransferMiddleware, DownloaderStats
2017-05-23 21:40:50 [scrapy] INFO: Enabled spider middlewares: HttpErrorMiddleware, OffsiteMiddleware, RefererMiddleware, UrlLengthMiddleware, DepthMiddleware
2017-05-23 21:40:50 [scrapy] INFO: Enabled item pipelines: JsonWriterPipeline
2017-05-23 21:40:50 [scrapy] INFO: Spider opened
2017-05-23 21:40:50 [scrapy] INFO: Crawled 0 pages (at 0 pages/min), scraped 0 items (at 0 items/min)
2017-05-23 21:40:50 [scrapy] DEBUG: Telnet console listening on 127.0.0.1:6023
2017-05-23 21:40:58 [lianjia.HttpProxyMiddleware] DEBUG: None 301 http://bj.lianjia.com/ershoufang/101101057880.html
2017-05-23 21:40:58 [lianjia.HttpProxyMiddleware] INFO: response status not in spider.website_possible_httpstatus_list
2017-05-23 21:40:58 [lianjia.HttpProxyMiddleware] INFO: trust proxy {'count': 16, 'valid': True, 'proxy': None}
2017-05-23 21:40:58 [lianjia.HttpProxyMiddleware] INFO: captcha thrashing
2017-05-23 21:40:58 [lianjia.HttpProxyMiddleware] INFO: reset proxyes to valid
2017-05-23 21:40:58 [lianjia.HttpProxyMiddleware] INFO: reset proxyes to valid
2017-05-23 21:40:58 [lianjia.HttpProxyMiddleware] INFO: valid proxy < threshold: 1/5
2017-05-23 21:40:58 [lianjia.HttpProxyMiddleware] INFO: extending proxyes using fetch_free_proxyes.py
2017-05-23 21:40:58 [requests.packages.urllib3.connectionpool] DEBUG: Starting new HTTP connection (1): dev.kuaidaili.com
2017-05-23 21:41:00 [requests.packages.urllib3.connectionpool] DEBUG: http://dev.kuaidaili.com:80 "GET /api/getproxy/?orderid=989526659663288&num=15&area=%E5%8C%97%E4%BA%AC&b_pcchrome=1&protocol=1&method=1&an_an=1&an_ha=1&sp1=1&sp2=1&sep=3 HTTP/1.1" 200 150
2017-05-23 21:41:00 [lianjia.fetch_free_proxyes] INFO: checking proxyes validation
2017-05-23 21:41:52 [lianjia.HttpProxyMiddleware] INFO: new proxyes: []
2017-05-23 21:41:52 [lianjia.HttpProxyMiddleware] INFO: now using new proxy: None
2017-05-23 21:41:52 [scrapy] INFO: Crawled 0 pages (at 0 pages/min), scraped 0 items (at 0 items/min)
2017-05-23 21:41:52 [lianjia.HttpProxyMiddleware] DEBUG: None 301 http://bj.lianjia.com/ershoufang/101101363320.html
2017-05-23 21:41:52 [lianjia.HttpProxyMiddleware] INFO: response status not in spider.website_possible_httpstatus_list
2017-05-23 21:41:52 [lianjia.HttpProxyMiddleware] INFO: trust proxy {'count': 17, 'valid': True, 'proxy': None}
2017-05-23 21:41:52 [lianjia.HttpProxyMiddleware] INFO: captcha thrashing
2017-05-23 21:41:52 [lianjia.HttpProxyMiddleware] INFO: reset proxyes to valid
2017-05-23 21:41:52 [lianjia.HttpProxyMiddleware] INFO: reset proxyes to valid
2017-05-23 21:41:52 [lianjia.HttpProxyMiddleware] INFO: valid proxy < threshold: 1/4
2017-05-23 21:41:52 [lianjia.HttpProxyMiddleware] INFO: extending proxyes using fetch_free_proxyes.py
2017-05-23 21:41:52 [requests.packages.urllib3.connectionpool] DEBUG: Starting new HTTP connection (1): dev.kuaidaili.com
2017-05-23 21:41:53 [requests.packages.urllib3.connectionpool] DEBUG: http://dev.kuaidaili.com:80 "GET /api/getproxy/?orderid=989526659663288&num=15&area=%E5%8C%97%E4%BA%AC&b_pcchrome=1&protocol=1&method=1&an_an=1&an_ha=1&sp1=1&sp2=1&sep=3 HTTP/1.1" 200 138
2017-05-23 21:41:53 [lianjia.fetch_free_proxyes] INFO: checking proxyes validation
2017-05-23 21:42:30 [lianjia.HttpProxyMiddleware] INFO: new proxyes: []
2017-05-23 21:42:30 [lianjia.HttpProxyMiddleware] INFO: now using new proxy: None
2017-05-23 21:42:30 [lianjia.HttpProxyMiddleware] DEBUG: None 301 http://bj.lianjia.com/ershoufang/101101574379.html
2017-05-23 21:42:30 [lianjia.HttpProxyMiddleware] INFO: response status not in spider.website_possible_httpstatus_list
2017-05-23 21:42:30 [lianjia.HttpProxyMiddleware] INFO: trust proxy {'count': 18, 'valid': True, 'proxy': None}
2017-05-23 21:42:30 [lianjia.HttpProxyMiddleware] INFO: captcha thrashing
2017-05-23 21:42:30 [lianjia.HttpProxyMiddleware] INFO: reset proxyes to valid
2017-05-23 21:42:30 [lianjia.HttpProxyMiddleware] INFO: reset proxyes to valid
2017-05-23 21:42:30 [lianjia.HttpProxyMiddleware] INFO: valid proxy < threshold: 1/3
2017-05-23 21:42:30 [lianjia.HttpProxyMiddleware] INFO: extending proxyes using fetch_free_proxyes.py
2017-05-23 21:42:30 [requests.packages.urllib3.connectionpool] DEBUG: Starting new HTTP connection (1): dev.kuaidaili.com
2017-05-23 21:42:31 [requests.packages.urllib3.connectionpool] DEBUG: http://dev.kuaidaili.com:80 "GET /api/getproxy/?orderid=989526659663288&num=15&area=%E5%8C%97%E4%BA%AC&b_pcchrome=1&protocol=1&method=1&an_an=1&an_ha=1&sp1=1&sp2=1&sep=3 HTTP/1.1" 200 145
2017-05-23 21:42:31 [lianjia.fetch_free_proxyes] INFO: checking proxyes validation
2017-05-23 21:43:22 [lianjia.HttpProxyMiddleware] INFO: new proxyes: []
2017-05-23 21:43:22 [lianjia.HttpProxyMiddleware] INFO: now using new proxy: None
2017-05-23 21:43:22 [scrapy] INFO: Crawled 0 pages (at 0 pages/min), scraped 0 items (at 0 items/min)
2017-05-23 21:43:22 [lianjia.HttpProxyMiddleware] DEBUG: None 301 http://bj.lianjia.com/ershoufang/101101255037.html
2017-05-23 21:43:22 [lianjia.HttpProxyMiddleware] INFO: response status not in spider.website_possible_httpstatus_list
2017-05-23 21:43:22 [lianjia.HttpProxyMiddleware] INFO: trust proxy {'count': 19, 'valid': True, 'proxy': None}
2017-05-23 21:43:22 [lianjia.HttpProxyMiddleware] INFO: captcha thrashing
2017-05-23 21:43:22 [lianjia.HttpProxyMiddleware] INFO: reset proxyes to valid
2017-05-23 21:43:22 [lianjia.HttpProxyMiddleware] INFO: reset proxyes to valid
2017-05-23 21:43:22 [lianjia.HttpProxyMiddleware] INFO: valid proxy < threshold: 1/2
2017-05-23 21:43:22 [lianjia.HttpProxyMiddleware] INFO: extending proxyes using fetch_free_proxyes.py
2017-05-23 21:43:22 [requests.packages.urllib3.connectionpool] DEBUG: Starting new HTTP connection (1): dev.kuaidaili.com
2017-05-23 21:43:23 [requests.packages.urllib3.connectionpool] DEBUG: http://dev.kuaidaili.com:80 "GET /api/getproxy/?orderid=989526659663288&num=15&area=%E5%8C%97%E4%BA%AC&b_pcchrome=1&protocol=1&method=1&an_an=1&an_ha=1&sp1=1&sp2=1&sep=3 HTTP/1.1" 200 145
2017-05-23 21:43:23 [lianjia.fetch_free_proxyes] INFO: checking proxyes validation
2017-05-23 21:44:00 [lianjia.HttpProxyMiddleware] INFO: new proxyes: []
2017-05-23 21:44:00 [lianjia.HttpProxyMiddleware] INFO: now using new proxy: None
2017-05-23 21:44:00 [scrapy] INFO: Crawled 0 pages (at 0 pages/min), scraped 0 items (at 0 items/min)
2017-05-23 21:44:00 [lianjia.HttpProxyMiddleware] DEBUG: None 301 http://bj.lianjia.com/ershoufang/101101508375.html
2017-05-23 21:44:00 [lianjia.HttpProxyMiddleware] INFO: response status not in spider.website_possible_httpstatus_list
2017-05-23 21:44:00 [lianjia.HttpProxyMiddleware] INFO: trust proxy {'count': 20, 'valid': True, 'proxy': None}
2017-05-23 21:44:00 [lianjia.HttpProxyMiddleware] INFO: captcha thrashing
2017-05-23 21:44:00 [lianjia.HttpProxyMiddleware] INFO: reset proxyes to valid
2017-05-23 21:44:00 [lianjia.HttpProxyMiddleware] INFO: reset proxyes to valid
2017-05-23 21:44:00 [lianjia.HttpProxyMiddleware] INFO: now using new proxy: None
2017-05-23 21:44:04 [lianjia.HttpProxyMiddleware] DEBUG: None 301 http://bj.lianjia.com/ershoufang/101101566655.html
2017-05-23 21:44:04 [lianjia.HttpProxyMiddleware] INFO: response status not in spider.website_possible_httpstatus_list
2017-05-23 21:44:04 [lianjia.HttpProxyMiddleware] INFO: trust proxy {'count': 21, 'valid': True, 'proxy': None}
2017-05-23 21:44:04 [lianjia.HttpProxyMiddleware] INFO: captcha thrashing
2017-05-23 21:44:04 [lianjia.HttpProxyMiddleware] INFO: reset proxyes to valid
2017-05-23 21:44:04 [lianjia.HttpProxyMiddleware] INFO: reset proxyes to valid
2017-05-23 21:44:04 [lianjia.HttpProxyMiddleware] INFO: now using new proxy: None
2017-05-23 21:44:09 [lianjia.HttpProxyMiddleware] DEBUG: None 301 http://bj.lianjia.com/ershoufang/101100659977.html
2017-05-23 21:44:09 [lianjia.HttpProxyMiddleware] INFO: response status not in spider.website_possible_httpstatus_list
2017-05-23 21:44:09 [lianjia.HttpProxyMiddleware] INFO: trust proxy {'count': 22, 'valid': True, 'proxy': None}
2017-05-23 21:44:09 [lianjia.HttpProxyMiddleware] INFO: captcha thrashing
2017-05-23 21:44:09 [lianjia.HttpProxyMiddleware] INFO: reset proxyes to valid
2017-05-23 21:44:09 [lianjia.HttpProxyMiddleware] INFO: reset proxyes to valid
2017-05-23 21:44:09 [lianjia.HttpProxyMiddleware] INFO: now using new proxy: None
2017-05-23 21:44:13 [lianjia.HttpProxyMiddleware] DEBUG: None 301 http://bj.lianjia.com/ershoufang/101091627556.html
2017-05-23 21:44:13 [lianjia.HttpProxyMiddleware] INFO: response status not in spider.website_possible_httpstatus_list
2017-05-23 21:44:13 [lianjia.HttpProxyMiddleware] INFO: trust proxy {'count': 23, 'valid': True, 'proxy': None}
2017-05-23 21:44:13 [lianjia.HttpProxyMiddleware] INFO: captcha thrashing
2017-05-23 21:44:13 [lianjia.HttpProxyMiddleware] INFO: reset proxyes to valid
2017-05-23 21:44:13 [lianjia.HttpProxyMiddleware] INFO: reset proxyes to valid
2017-05-23 21:44:13 [lianjia.HttpProxyMiddleware] INFO: now using new proxy: None
2017-05-23 21:44:17 [lianjia.HttpProxyMiddleware] DEBUG: None 301 http://bj.lianjia.com/ershoufang/101101415514.html
2017-05-23 21:44:17 [lianjia.HttpProxyMiddleware] INFO: response status not in spider.website_possible_httpstatus_list
2017-05-23 21:44:17 [lianjia.HttpProxyMiddleware] INFO: trust proxy {'count': 24, 'valid': True, 'proxy': None}
2017-05-23 21:44:17 [lianjia.HttpProxyMiddleware] INFO: captcha thrashing
2017-05-23 21:44:17 [lianjia.HttpProxyMiddleware] INFO: reset proxyes to valid
2017-05-23 21:44:17 [lianjia.HttpProxyMiddleware] INFO: reset proxyes to valid
2017-05-23 21:44:17 [lianjia.HttpProxyMiddleware] INFO: now using new proxy: None
2017-05-23 21:44:21 [lianjia.HttpProxyMiddleware] DEBUG: None 301 http://bj.lianjia.com/ershoufang/101101416521.html
2017-05-23 21:44:21 [lianjia.HttpProxyMiddleware] INFO: response status not in spider.website_possible_httpstatus_list
2017-05-23 21:44:21 [lianjia.HttpProxyMiddleware] INFO: trust proxy {'count': 25, 'valid': True, 'proxy': None}
2017-05-23 21:44:21 [lianjia.HttpProxyMiddleware] INFO: captcha thrashing
2017-05-23 21:44:21 [lianjia.HttpProxyMiddleware] INFO: reset proxyes to valid
2017-05-23 21:44:21 [lianjia.HttpProxyMiddleware] INFO: reset proxyes to valid
2017-05-23 21:44:21 [lianjia.HttpProxyMiddleware] INFO: now using new proxy: None
2017-05-23 21:44:24 [lianjia.HttpProxyMiddleware] DEBUG: None 301 http://bj.lianjia.com/ershoufang/101101419921.html
2017-05-23 21:44:24 [lianjia.HttpProxyMiddleware] INFO: response status not in spider.website_possible_httpstatus_list
2017-05-23 21:44:24 [lianjia.HttpProxyMiddleware] INFO: trust proxy {'count': 26, 'valid': True, 'proxy': None}
2017-05-23 21:44:24 [lianjia.HttpProxyMiddleware] INFO: captcha thrashing
2017-05-23 21:44:24 [lianjia.HttpProxyMiddleware] INFO: reset proxyes to valid
2017-05-23 21:44:24 [lianjia.HttpProxyMiddleware] INFO: reset proxyes to valid
2017-05-23 21:44:24 [lianjia.HttpProxyMiddleware] INFO: now using new proxy: None
2017-05-23 21:44:26 [lianjia.HttpProxyMiddleware] DEBUG: None 301 http://bj.lianjia.com/ershoufang/101101424688.html
2017-05-23 21:44:26 [lianjia.HttpProxyMiddleware] INFO: response status not in spider.website_possible_httpstatus_list
2017-05-23 21:44:26 [lianjia.HttpProxyMiddleware] INFO: trust proxy {'count': 27, 'valid': True, 'proxy': None}
2017-05-23 21:44:26 [lianjia.HttpProxyMiddleware] INFO: captcha thrashing
2017-05-23 21:44:26 [lianjia.HttpProxyMiddleware] INFO: reset proxyes to valid
2017-05-23 21:44:26 [lianjia.HttpProxyMiddleware] INFO: reset proxyes to valid
2017-05-23 21:44:26 [lianjia.HttpProxyMiddleware] INFO: now using new proxy: None
2017-05-23 21:44:31 [lianjia.HttpProxyMiddleware] DEBUG: None 301 http://bj.lianjia.com/ershoufang/101101384964.html
2017-05-23 21:44:31 [lianjia.HttpProxyMiddleware] INFO: response status not in spider.website_possible_httpstatus_list
2017-05-23 21:44:31 [lianjia.HttpProxyMiddleware] INFO: trust proxy {'count': 28, 'valid': True, 'proxy': None}
2017-05-23 21:44:31 [lianjia.HttpProxyMiddleware] INFO: captcha thrashing
2017-05-23 21:44:31 [lianjia.HttpProxyMiddleware] INFO: reset proxyes to valid
2017-05-23 21:44:31 [lianjia.HttpProxyMiddleware] INFO: reset proxyes to valid
2017-05-23 21:44:31 [lianjia.HttpProxyMiddleware] INFO: now using new proxy: None
2017-05-23 21:44:35 [lianjia.HttpProxyMiddleware] DEBUG: None 301 http://bj.lianjia.com/ershoufang/101101390970.html
2017-05-23 21:44:35 [lianjia.HttpProxyMiddleware] INFO: response status not in spider.website_possible_httpstatus_list
2017-05-23 21:44:35 [lianjia.HttpProxyMiddleware] INFO: trust proxy {'count': 29, 'valid': True, 'proxy': None}
2017-05-23 21:44:35 [lianjia.HttpProxyMiddleware] INFO: captcha thrashing
2017-05-23 21:44:35 [lianjia.HttpProxyMiddleware] INFO: reset proxyes to valid
2017-05-23 21:44:35 [lianjia.HttpProxyMiddleware] INFO: reset proxyes to valid
2017-05-23 21:44:35 [lianjia.HttpProxyMiddleware] INFO: now using new proxy: None
2017-05-23 21:44:38 [lianjia.HttpProxyMiddleware] DEBUG: None 301 http://bj.lianjia.com/ershoufang/101101002627.html
2017-05-23 21:44:38 [lianjia.HttpProxyMiddleware] INFO: response status not in spider.website_possible_httpstatus_list
2017-05-23 21:44:38 [lianjia.HttpProxyMiddleware] INFO: trust proxy {'count': 30, 'valid': True, 'proxy': None}
2017-05-23 21:44:38 [lianjia.HttpProxyMiddleware] INFO: captcha thrashing
2017-05-23 21:44:38 [lianjia.HttpProxyMiddleware] INFO: reset proxyes to valid
2017-05-23 21:44:38 [lianjia.HttpProxyMiddleware] INFO: reset proxyes to valid
2017-05-23 21:44:38 [lianjia.HttpProxyMiddleware] INFO: now using new proxy: None
********Current UserAgent:Mozilla/5.0 (Macintosh; U; Intel Mac OS X 10_5_3; hu-hu) AppleWebKit/525.18 (KHTML, like Gecko) Version/3.1.1 Safari/525.20************
********Current UserAgent:Mozilla/5.0 (X11; U; Linux i686; en-US; rv:1.3b) Gecko/20021213************
********Current UserAgent:Mozilla/5.0 (Windows; U; Windows NT 5.0; en-US; rv:1.8.1.21) Gecko/20090403 SeaMonkey/1.1.16************
********Current UserAgent:Mozilla/5.0 (X11; U; Linux i686; fr; rv:1.7.10) Gecko/20050721 Firefox/1.0.6 (Ubuntu package 1.0.6)************
********Current UserAgent:Mozilla/5.0 (X11; U; CrOS i686 0.9.128; en-US) AppleWebKit/534.10 (KHTML, like Gecko) Chrome/8.0.552.343 Safari/534.10************
********Current UserAgent:Mozilla/5.0 (Windows NT 6.0; U; ja; rv:1.9.1.6) Gecko/20091201 Firefox/3.5.6 Opera 11.00************
********Current UserAgent:Mozilla/5.0 (Windows; U; Windows NT 5.2; en-US) AppleWebKit/532.0 (KHTML, like Gecko) Chrome/4.0.202.0 Safari/532.0************
********Current UserAgent:Mozilla/5.0 (Windows; U; Windows NT 5.1; en-US) AppleWebKit/528+ (KHTML, like Gecko, Safari/528.0) Lunascape/5.0.2.0************
********Current UserAgent:Mozilla/5.0 (X11; U; Linux i686; it; rv:1.8.1.14) Gecko/20080420 Firefox/2.0.0.14************
********Current UserAgent:Mozilla/5.0 (Macintosh; U; Intel Mac OS X; en-US; rv:1.8.1.2) Gecko/20070221 SeaMonkey/1.1.1************
********Current UserAgent:Mozilla/5.0 (Windows; U; Windows NT 5.1; en-US; rv:1.8.1.15) Gecko/20080621 SeaMonkey/1.1.10 Mnenhy/0.7.5.0************
********Current UserAgent:Mozilla/5.0 (X11; U; Linux i686; en-US; rv:1.2.1) Gecko/20030409 Debian/1.2.1-9woody2************
********Current UserAgent:Mozilla/5.0 (X11; U; Linux x86_64; en-US; rv:1.9.1.3) Gecko/20090913 Firefox/3.5.3************
********Current UserAgent:Mozilla/5.0 (X11; U; Linux i686; de; rv:1.9.2.18) Gecko/20110615 Ubuntu/10.10 (maverick) Firefox/3.6.18************
********Current UserAgent:Mozilla/5.0 (Windows; U; Windows NT 5.1; de-AT; rv:1.8.1.18) Gecko/20081031 SeaMonkey/1.1.13************
********Current UserAgent:Mozilla/5.0 (X11; U; Linux x86_64; en-US; rv:1.8.1.19) Gecko/20081202 Iceweasel/2.0.0.19 (Debian-2.0.0.19-0etch1)************
********Current UserAgent:Mozilla/5.0 (Windows; U; Windows NT 5.1; en-US; rv:1.8.1.12) Gecko/20080211 Firefox/2.0.0.12 Flock/1.0.9************
********Current UserAgent:Mozilla/5.0 (X11; U; Linux i686; fr; rv:1.7.8) Gecko/20050524 Fedora/1.0.4-4 Firefox/1.0.4************
********Current UserAgent:Mozilla/5.0 (Macintosh; U; PPC Mac OS X 10_4_11; hu-hu) AppleWebKit/531.21.8 (KHTML, like Gecko) Version/4.0.4 Safari/531.21.10************
********Current UserAgent:Mozilla/5.0 (Windows; U; ; en-NZ) AppleWebKit/527+ (KHTML, like Gecko, Safari/419.3) Arora/0.8.0************
********Current UserAgent:Mozilla/5.0 (X11; U; Linux i686; fr; rv:1.9.1.16) Gecko/20120714 Iceweasel/3.5.16 (like Firefox/3.5.16)************
********Current UserAgent:Mozilla/5.0 (X11; U; Linux x86_64; en-US; rv:1.8.1) Gecko/20061024 Iceweasel/2.0 (Debian-2.0+dfsg-1)************
********Current UserAgent:Mozilla/5.0 (compatible; Konqueror/3.0-rc4; i686 Linux; 20020920)************
********Current UserAgent:Mozilla/5.0 (Macintosh; U; Intel Mac OS X 10_6_3; en-US) AppleWebKit/534.3 (KHTML, like Gecko) Chrome/6.0.456.0 Safari/534.3************
********Current UserAgent:Mozilla/5.0 (Windows; U; Windows NT 5.2; pt) AppleWebKit/522.11.3 (KHTML, like Gecko) Version/3.0 Safari/522.11.3************
********Current UserAgent:Mozilla/5.0 (Windows; U; Windows NT 5.0; en-US; rv:1.7.5) Gecko/20050729 Netscape/8.0.3.3************
********Current UserAgent:Mozilla/5.0(Windows; U; Windows NT 5.2; rv:1.9.2) Gecko/20100101 Firefox/3.6************
********Current UserAgent:Mozilla/5.0 (Windows; U; Windows NT 5.1; en-US; rv:1.9a6pre) Gecko/20070604 Minefield/3.0a6pre************
********Current UserAgent:Mozilla/5.0 (X11; U; Linux i686; Ubuntu 7.04; de-CH; rv:1.8.1.5) Gecko/20070309 Firefox/2.0.0.5************
********Current UserAgent:Mozilla/5.0 (X11; U; Linux i686; rv:1.7.3) Gecko/20041001 Firefox/0.10.1************
********C2017-05-23 21:44:42 [lianjia.HttpProxyMiddleware] DEBUG: None 301 http://bj.lianjia.com/ershoufang/101101304809.html
2017-05-23 21:44:42 [lianjia.HttpProxyMiddleware] INFO: response status not in spider.website_possible_httpstatus_list
2017-05-23 21:44:42 [lianjia.HttpProxyMiddleware] INFO: trust proxy {'count': 31, 'valid': True, 'proxy': None}
2017-05-23 21:44:42 [lianjia.HttpProxyMiddleware] INFO: captcha thrashing
2017-05-23 21:44:42 [lianjia.HttpProxyMiddleware] INFO: reset proxyes to valid
2017-05-23 21:44:42 [lianjia.HttpProxyMiddleware] INFO: reset proxyes to valid
2017-05-23 21:44:42 [lianjia.HttpProxyMiddleware] INFO: now using new proxy: None
2017-05-23 21:44:46 [lianjia.HttpProxyMiddleware] DEBUG: None 301 http://bj.lianjia.com/ershoufang/101101057880.html
2017-05-23 21:44:46 [lianjia.HttpProxyMiddleware] INFO: response status not in spider.website_possible_httpstatus_list
2017-05-23 21:44:46 [lianjia.HttpProxyMiddleware] INFO: trust proxy {'count': 32, 'valid': True, 'proxy': None}
2017-05-23 21:44:46 [lianjia.HttpProxyMiddleware] INFO: captcha thrashing
2017-05-23 21:44:46 [lianjia.HttpProxyMiddleware] INFO: reset proxyes to valid
2017-05-23 21:44:46 [lianjia.HttpProxyMiddleware] INFO: reset proxyes to valid
2017-05-23 21:44:46 [lianjia.HttpProxyMiddleware] INFO: now using new proxy: None
2017-05-23 21:44:50 [scrapy] INFO: Crawled 0 pages (at 0 pages/min), scraped 0 items (at 0 items/min)
2017-05-23 21:44:50 [lianjia.HttpProxyMiddleware] DEBUG: None 301 http://bj.lianjia.com/ershoufang/101101363320.html
2017-05-23 21:44:50 [lianjia.HttpProxyMiddleware] INFO: response status not in spider.website_possible_httpstatus_list
2017-05-23 21:44:50 [lianjia.HttpProxyMiddleware] INFO: trust proxy {'count': 33, 'valid': True, 'proxy': None}
2017-05-23 21:44:50 [lianjia.HttpProxyMiddleware] INFO: captcha thrashing
2017-05-23 21:44:50 [lianjia.HttpProxyMiddleware] INFO: reset proxyes to valid
2017-05-23 21:44:50 [lianjia.HttpProxyMiddleware] INFO: reset proxyes to valid
2017-05-23 21:44:50 [lianjia.HttpProxyMiddleware] INFO: now using new proxy: None
2017-05-23 21:44:54 [lianjia.HttpProxyMiddleware] DEBUG: None 301 http://bj.lianjia.com/ershoufang/101101574379.html
2017-05-23 21:44:54 [lianjia.HttpProxyMiddleware] INFO: response status not in spider.website_possible_httpstatus_list
2017-05-23 21:44:54 [lianjia.HttpProxyMiddleware] INFO: trust proxy {'count': 34, 'valid': True, 'proxy': None}
2017-05-23 21:44:54 [lianjia.HttpProxyMiddleware] INFO: captcha thrashing
2017-05-23 21:44:54 [lianjia.HttpProxyMiddleware] INFO: reset proxyes to valid
2017-05-23 21:44:54 [lianjia.HttpProxyMiddleware] INFO: reset proxyes to valid
2017-05-23 21:44:54 [lianjia.HttpProxyMiddleware] INFO: now using new proxy: None
2017-05-23 21:44:58 [lianjia.HttpProxyMiddleware] DEBUG: None 301 http://bj.lianjia.com/ershoufang/101101255037.html
2017-05-23 21:44:58 [lianjia.HttpProxyMiddleware] INFO: response status not in spider.website_possible_httpstatus_list
2017-05-23 21:44:58 [lianjia.HttpProxyMiddleware] INFO: trust proxy {'count': 35, 'valid': True, 'proxy': None}
2017-05-23 21:44:58 [lianjia.HttpProxyMiddleware] INFO: captcha thrashing
2017-05-23 21:44:58 [lianjia.HttpProxyMiddleware] INFO: reset proxyes to valid
2017-05-23 21:44:58 [lianjia.HttpProxyMiddleware] INFO: reset proxyes to valid
2017-05-23 21:44:58 [lianjia.HttpProxyMiddleware] INFO: now using new proxy: None
2017-05-23 21:45:01 [lianjia.HttpProxyMiddleware] DEBUG: None 301 http://bj.lianjia.com/ershoufang/101101508375.html
2017-05-23 21:45:01 [lianjia.HttpProxyMiddleware] INFO: response status not in spider.website_possible_httpstatus_list
2017-05-23 21:45:01 [lianjia.HttpProxyMiddleware] INFO: trust proxy {'count': 36, 'valid': True, 'proxy': None}
2017-05-23 21:45:01 [lianjia.HttpProxyMiddleware] INFO: captcha thrashing
2017-05-23 21:45:01 [lianjia.HttpProxyMiddleware] INFO: reset proxyes to valid
2017-05-23 21:45:01 [lianjia.HttpProxyMiddleware] INFO: reset proxyes to valid
2017-05-23 21:45:01 [lianjia.HttpProxyMiddleware] INFO: now using new proxy: None
2017-05-23 21:45:04 [lianjia.HttpProxyMiddleware] DEBUG: None 301 http://bj.lianjia.com/ershoufang/101101566655.html
2017-05-23 21:45:04 [lianjia.HttpProxyMiddleware] INFO: response status not in spider.website_possible_httpstatus_list
2017-05-23 21:45:04 [lianjia.HttpProxyMiddleware] INFO: trust proxy {'count': 37, 'valid': True, 'proxy': None}
2017-05-23 21:45:04 [lianjia.HttpProxyMiddleware] INFO: captcha thrashing
2017-05-23 21:45:04 [lianjia.HttpProxyMiddleware] INFO: reset proxyes to valid
2017-05-23 21:45:04 [lianjia.HttpProxyMiddleware] INFO: reset proxyes to valid
2017-05-23 21:45:04 [lianjia.HttpProxyMiddleware] INFO: now using new proxy: None
2017-05-23 21:45:07 [lianjia.HttpProxyMiddleware] DEBUG: None 301 http://bj.lianjia.com/ershoufang/101100659977.html
2017-05-23 21:45:07 [lianjia.HttpProxyMiddleware] INFO: response status not in spider.website_possible_httpstatus_list
2017-05-23 21:45:07 [lianjia.HttpProxyMiddleware] INFO: trust proxy {'count': 38, 'valid': True, 'proxy': None}
2017-05-23 21:45:07 [lianjia.HttpProxyMiddleware] INFO: captcha thrashing
2017-05-23 21:45:07 [lianjia.HttpProxyMiddleware] INFO: reset proxyes to valid
2017-05-23 21:45:07 [lianjia.HttpProxyMiddleware] INFO: reset proxyes to valid
2017-05-23 21:45:07 [lianjia.HttpProxyMiddleware] INFO: now using new proxy: None
2017-05-23 21:45:10 [lianjia.HttpProxyMiddleware] DEBUG: None 301 http://bj.lianjia.com/ershoufang/101091627556.html
2017-05-23 21:45:10 [lianjia.HttpProxyMiddleware] INFO: response status not in spider.website_possible_httpstatus_list
2017-05-23 21:45:10 [lianjia.HttpProxyMiddleware] INFO: trust proxy {'count': 39, 'valid': True, 'proxy': None}
2017-05-23 21:45:10 [lianjia.HttpProxyMiddleware] INFO: captcha thrashing
2017-05-23 21:45:10 [lianjia.HttpProxyMiddleware] INFO: reset proxyes to valid
2017-05-23 21:45:10 [lianjia.HttpProxyMiddleware] INFO: reset proxyes to valid
2017-05-23 21:45:10 [lianjia.HttpProxyMiddleware] INFO: now using new proxy: None
2017-05-23 21:45:14 [lianjia.HttpProxyMiddleware] DEBUG: None 301 http://bj.lianjia.com/ershoufang/101101415514.html
2017-05-23 21:45:14 [lianjia.HttpProxyMiddleware] INFO: response status not in spider.website_possible_httpstatus_list
2017-05-23 21:45:14 [lianjia.HttpProxyMiddleware] INFO: trust proxy {'count': 40, 'valid': True, 'proxy': None}
2017-05-23 21:45:14 [lianjia.HttpProxyMiddleware] INFO: captcha thrashing
2017-05-23 21:45:14 [lianjia.HttpProxyMiddleware] INFO: reset proxyes to valid
2017-05-23 21:45:14 [lianjia.HttpProxyMiddleware] INFO: reset proxyes to valid
2017-05-23 21:45:14 [lianjia.HttpProxyMiddleware] INFO: now using new proxy: None
2017-05-23 21:45:17 [lianjia.HttpProxyMiddleware] DEBUG: None 301 http://bj.lianjia.com/ershoufang/101101416521.html
2017-05-23 21:45:17 [lianjia.HttpProxyMiddleware] INFO: response status not in spider.website_possible_httpstatus_list
2017-05-23 21:45:17 [lianjia.HttpProxyMiddleware] INFO: trust proxy {'count': 41, 'valid': True, 'proxy': None}
2017-05-23 21:45:17 [lianjia.HttpProxyMiddleware] INFO: captcha thrashing
2017-05-23 21:45:17 [lianjia.HttpProxyMiddleware] INFO: reset proxyes to valid
2017-05-23 21:45:17 [lianjia.HttpProxyMiddleware] INFO: reset proxyes to valid
2017-05-23 21:45:17 [lianjia.HttpProxyMiddleware] INFO: now using new proxy: None
2017-05-23 21:45:21 [lianjia.HttpProxyMiddleware] DEBUG: None 301 http://bj.lianjia.com/ershoufang/101101419921.html
2017-05-23 21:45:21 [lianjia.HttpProxyMiddleware] INFO: response status not in spider.website_possible_httpstatus_list
2017-05-23 21:45:21 [lianjia.HttpProxyMiddleware] INFO: trust proxy {'count': 42, 'valid': True, 'proxy': None}
2017-05-23 21:45:21 [lianjia.HttpProxyMiddleware] INFO: captcha thrashing
2017-05-23 21:45:21 [lianjia.HttpProxyMiddleware] INFO: reset proxyes to valid
2017-05-23 21:45:21 [lianjia.HttpProxyMiddleware] INFO: reset proxyes to valid
2017-05-23 21:45:21 [lianjia.HttpProxyMiddleware] INFO: now using new proxy: None
2017-05-23 21:45:24 [lianjia.HttpProxyMiddleware] DEBUG: None 301 http://bj.lianjia.com/ershoufang/101101424688.html
2017-05-23 21:45:24 [lianjia.HttpProxyMiddleware] INFO: response status not in spider.website_possible_httpstatus_list
2017-05-23 21:45:24 [lianjia.HttpProxyMiddleware] INFO: trust proxy {'count': 43, 'valid': True, 'proxy': None}
2017-05-23 21:45:24 [lianjia.HttpProxyMiddleware] INFO: captcha thrashing
2017-05-23 21:45:24 [lianjia.HttpProxyMiddleware] INFO: reset proxyes to valid
2017-05-23 21:45:24 [lianjia.HttpProxyMiddleware] INFO: reset proxyes to valid
2017-05-23 21:45:24 [lianjia.HttpProxyMiddleware] INFO: now using new proxy: None
2017-05-23 21:45:26 [lianjia.HttpProxyMiddleware] DEBUG: None 301 http://bj.lianjia.com/ershoufang/101101384964.html
2017-05-23 21:45:26 [lianjia.HttpProxyMiddleware] INFO: response status not in spider.website_possible_httpstatus_list
2017-05-23 21:45:26 [lianjia.HttpProxyMiddleware] INFO: trust proxy {'count': 44, 'valid': True, 'proxy': None}
2017-05-23 21:45:26 [lianjia.HttpProxyMiddleware] INFO: captcha thrashing
2017-05-23 21:45:26 [lianjia.HttpProxyMiddleware] INFO: reset proxyes to valid
2017-05-23 21:45:26 [lianjia.HttpProxyMiddleware] INFO: reset proxyes to valid
2017-05-23 21:45:26 [lianjia.HttpProxyMiddleware] INFO: now using new proxy: None
2017-05-23 21:45:30 [lianjia.HttpProxyMiddleware] DEBUG: None 301 http://bj.lianjia.com/ershoufang/101101390970.html
2017-05-23 21:45:30 [lianjia.HttpProxyMiddleware] INFO: response status not in spider.website_possible_httpstatus_list
2017-05-23 21:45:30 [lianjia.HttpProxyMiddleware] INFO: trust proxy {'count': 45, 'valid': True, 'proxy': None}
2017-05-23 21:45:30 [lianjia.HttpProxyMiddleware] INFO: captcha thrashing
2017-05-23 21:45:30 [lianjia.HttpProxyMiddleware] INFO: reset proxyes to valid
2017-05-23 21:45:30 [lianjia.HttpProxyMiddleware] INFO: reset proxyes to valid
2017-05-23 21:45:30 [lianjia.HttpProxyMiddleware] INFO: now using new proxy: None
2017-05-23 21:45:34 [lianjia.HttpProxyMiddleware] DEBUG: None 301 http://bj.lianjia.com/ershoufang/101101002627.html
2017-05-23 21:45:34 [lianjia.HttpProxyMiddleware] INFO: response status not in spider.website_possible_httpstatus_list
2017-05-23 21:45:34 [lianjia.HttpProxyMiddleware] INFO: trust proxy {'count': 46, 'valid': True, 'proxy': None}
2017-05-23 21:45:34 [lianjia.HttpProxyMiddleware] INFO: captcha thrashing
2017-05-23 21:45:34 [lianjia.HttpProxyMiddleware] INFO: reset proxyes to valid
2017-05-23 21:45:34 [lianjia.HttpProxyMiddleware] INFO: reset proxyes to valid
2017-05-23 21:45:34 [lianjia.HttpProxyMiddleware] INFO: now using new proxy: None
2017-05-23 21:45:37 [lianjia.HttpProxyMiddleware] DEBUG: None 301 http://bj.lianjia.com/ershoufang/101101304809.html
2017-05-23 21:45:37 [lianjia.HttpProxyMiddleware] INFO: response status not in spider.website_possible_httpstatus_list
2017-05-23 21:45:37 [lianjia.HttpProxyMiddleware] INFO: trust proxy {'count': 47, 'valid': True, 'proxy': None}
2017-05-23 21:45:37 [lianjia.HttpProxyMiddleware] INFO: captcha thrashing
2017-05-23 21:45:37 [lianjia.HttpProxyMiddleware] INFO: reset proxyes to valid
2017-05-23 21:45:37 [lianjia.HttpProxyMiddleware] INFO: reset proxyes to valid
2017-05-23 21:45:37 [lianjia.HttpProxyMiddleware] INFO: now using new proxy: None
2017-05-23 21:45:42 [lianjia.HttpProxyMiddleware] DEBUG: None 301 http://bj.lianjia.com/ershoufang/101101057880.html
2017-05-23 21:45:42 [lianjia.HttpProxyMiddleware] INFO: response status not in spider.website_possible_httpstatus_list
2017-05-23 21:45:42 [lianjia.HttpProxyMiddleware] INFO: trust proxy {'count': 48, 'valid': True, 'proxy': None}
2017-05-23 21:45:42 [lianjia.HttpProxyMiddleware] INFO: captcha thrashing
2017-05-23 21:45:42 [lianjia.HttpProxyMiddleware] INFO: reset proxyes to valid
2017-05-23 21:45:42 [lianjia.HttpProxyMiddleware] INFO: reset proxyes to valid
2017-05-23 21:45:42 [lianjia.HttpProxyMiddleware] INFO: now using new proxy: None
2017-05-23 21:45:46 [lianjia.HttpProxyMiddleware] DEBUG: None 301 http://bj.lianjia.com/ershoufang/101101363320.html
2017-05-23 21:45:46 [lianjia.HttpProxyMiddleware] INFO: response status not in spider.website_possible_httpstatus_list
2017-05-23 21:45:46 [lianjia.HttpProxyMiddleware] INFO: trust proxy {'count': 49, 'valid': True, 'proxy': None}
2017-05-23 21:45:46 [lianjia.HttpProxyMiddleware] INFO: captcha thrashing
2017-05-23 21:45:46 [lianjia.HttpProxyMiddleware] INFO: reset proxyes to valid
2017-05-23 21:45:46 [lianjia.HttpProxyMiddleware] INFO: reset proxyes to valid
2017-05-23 21:45:46 [lianjia.HttpProxyMiddleware] INFO: now using new proxy: None
2017-05-23 21:45:50 [lianjia.HttpProxyMiddleware] DEBUG: None 301 http://bj.lianjia.com/ershoufang/101101574379.html
2017-05-23 21:45:50 [lianjia.HttpProxyMiddleware] INFO: response status not in spider.website_possible_httpstatus_list
2017-05-23 21:45:50 [lianjia.HttpProxyMiddleware] INFO: trust proxy {'count': 50, 'valid': True, 'proxy': None}
2017-05-23 21:45:50 [lianjia.HttpProxyMiddleware] INFO: captcha thrashing
2017-05-23 21:45:50 [lianjia.HttpProxyMiddleware] INFO: reset proxyes to valid
2017-05-23 21:45:50 [lianjia.HttpProxyMiddleware] INFO: reset proxyes to valid
2017-05-23 21:45:50 [lianjia.HttpProxyMiddleware] INFO: now using new proxy: None
2017-05-23 21:45:50 [scrapy] INFO: Crawled 0 pages (at 0 pages/min), scraped 0 items (at 0 items/min)
2017-05-23 21:45:53 [lianjia.HttpProxyMiddleware] DEBUG: None 301 http://bj.lianjia.com/ershoufang/101101255037.html
2017-05-23 21:45:53 [lianjia.HttpProxyMiddleware] INFO: response status not in spider.website_possible_httpstatus_list
2017-05-23 21:45:53 [lianjia.HttpProxyMiddleware] INFO: trust proxy {'count': 51, 'valid': True, 'proxy': None}
2017-05-23 21:45:53 [lianjia.HttpProxyMiddleware] INFO: captcha thrashing
2017-05-23 21:45:53 [lianjia.HttpProxyMiddleware] INFO: reset proxyes to valid
2017-05-23 21:45:53 [lianjia.HttpProxyMiddleware] INFO: reset proxyes to valid
2017-05-23 21:45:53 [lianjia.HttpProxyMiddleware] INFO: now using new proxy: None
2017-05-23 21:45:57 [lianjia.HttpProxyMiddleware] DEBUG: None 301 http://bj.lianjia.com/ershoufang/101101508375.html
2017-05-23 21:45:57 [lianjia.HttpProxyMiddleware] INFO: response status not in spider.website_possible_httpstatus_list
2017-05-23 21:45:57 [lianjia.HttpProxyMiddleware] INFO: trust proxy {'count': 52, 'valid': True, 'proxy': None}
2017-05-23 21:45:57 [lianjia.HttpProxyMiddleware] INFO: captcha thrashing
2017-05-23 21:45:57 [lianjia.HttpProxyMiddleware] INFO: reset proxyes to valid
2017-05-23 21:45:57 [lianjia.HttpProxyMiddleware] INFO: reset proxyes to valid
2017-05-23 21:45:57 [lianjia.HttpProxyMiddleware] INFO: now using new proxy: None
2017-05-23 21:46:01 [lianjia.HttpProxyMiddleware] DEBUG: None 301 http://bj.lianjia.com/ershoufang/101101566655.html
2017-05-23 21:46:01 [lianjia.HttpProxyMiddleware] INFO: response status not in spider.website_possible_httpstatus_list
2017-05-23 21:46:01 [lianjia.HttpProxyMiddleware] INFO: trust proxy {'count': 53, 'valid': True, 'proxy': None}
2017-05-23 21:46:01 [lianjia.HttpProxyMiddleware] INFO: captcha thrashing
2017-05-23 21:46:01 [lianjia.HttpProxyMiddleware] INFO: reset proxyes to valid
2017-05-23 21:46:01 [lianjia.HttpProxyMiddleware] INFO: reset proxyes to valid
2017-05-23 21:46:01 [lianjia.HttpProxyMiddleware] INFO: now using new proxy: None
2017-05-23 21:46:05 [lianjia.HttpProxyMiddleware] DEBUG: None 301 http://bj.lianjia.com/ershoufang/101100659977.html
2017-05-23 21:46:05 [lianjia.HttpProxyMiddleware] INFO: response status not in spider.website_possible_httpstatus_list
2017-05-23 21:46:05 [lianjia.HttpProxyMiddleware] INFO: trust proxy {'count': 54, 'valid': True, 'proxy': None}
2017-05-23 21:46:05 [lianjia.HttpProxyMiddleware] INFO: captcha thrashing
2017-05-23 21:46:05 [lianjia.HttpProxyMiddleware] INFO: reset proxyes to valid
2017-05-23 21:46:05 [lianjia.HttpProxyMiddleware] INFO: reset proxyes to valid
2017-05-23 21:46:05 [lianjia.HttpProxyMiddleware] INFO: now using new proxy: None
2017-05-23 21:46:08 [lianjia.HttpProxyMiddleware] DEBUG: None 301 http://bj.lianjia.com/ershoufang/101091627556.html
2017-05-23 21:46:08 [lianjia.HttpProxyMiddleware] INFO: response status not in spider.website_possible_httpstatus_list
2017-05-23 21:46:08 [lianjia.HttpProxyMiddleware] INFO: trust proxy {'count': 55, 'valid': True, 'proxy': None}
2017-05-23 21:46:08 [lianjia.HttpProxyMiddleware] INFO: captcha thrashing
2017-05-23 21:46:08 [lianjia.HttpProxyMiddleware] INFO: reset proxyes to valid
2017-05-23 21:46:08 [lianjia.HttpProxyMiddleware] INFO: reset proxyes to valid
2017-05-23 21:46:08 [lianjia.HttpProxyMiddleware] INFO: now using new proxy: None
2017-05-23 21:46:12 [lianjia.HttpProxyMiddleware] DEBUG: None 301 http://bj.lianjia.com/ershoufang/101101415514.html
2017-05-23 21:46:12 [lianjia.HttpProxyMiddleware] INFO: response status not in spider.website_possible_httpstatus_list
2017-05-23 21:46:12 [lianjia.HttpProxyMiddleware] INFO: trust proxy {'count': 56, 'valid': True, 'proxy': None}
2017-05-23 21:46:12 [lianjia.HttpProxyMiddleware] INFO: captcha thrashing
2017-05-23 21:46:12 [lianjia.HttpProxyMiddleware] INFO: reset proxyes to valid
2017-05-23 21:46:12 [lianjia.HttpProxyMiddleware] INFO: reset proxyes to valid
2017-05-23 21:46:12 [lianjia.HttpProxyMiddleware] INFO: now using new proxy: None
2017-05-23 21:46:15 [lianjia.HttpProxyMiddleware] DEBUG: None 301 http://bj.lianjia.com/ershoufang/101101416521.html
2017-05-23 21:46:15 [lianjia.HttpProxyMiddleware] INFO: response status not in spider.website_possible_httpstatus_list
2017-05-23 21:46:15 [lianjia.HttpProxyMiddleware] INFO: trust proxy {'count': 57, 'valid': True, 'proxy': None}
2017-05-23 21:46:15 [lianjia.HttpProxyMiddleware] INFO: captcha thrashing
2017-05-23 21:46:15 [lianjia.HttpProxyMiddleware] INFO: reset proxyes to valid
2017-05-23 21:46:15 [lianjia.HttpProxyMiddleware] INFO: reset proxyes to valid
2017-05-23 21:46:15 [lianjia.HttpProxyMiddleware] INFO: now using new proxy: None
2017-05-23 21:46:17 [lianjia.HttpProxyMiddleware] DEBUG: None 301 http://bj.lianjia.com/ershoufang/101101419921.html
2017-05-23 21:46:17 [lianjia.HttpProxyMiddleware] INFO: response status not in spider.website_possible_httpstatus_list
2017-05-23 21:46:17 [lianjia.HttpProxyMiddleware] INFO: trust proxy {'count': 58, 'valid': True, 'proxy': None}
2017-05-23 21:46:17 [lianjia.HttpProxyMiddleware] INFO: captcha thrashing
2017-05-23 21:46:17 [lianjia.HttpProxyMiddleware] INFO: reset proxyes to valid
2017-05-23 21:46:17 [lianjia.HttpProxyMiddleware] INFO: reset proxyes to valid
2017-05-23 21:46:17 [lianjia.HttpProxyMiddleware] INFO: now using new proxy: None
2017-05-23 21:46:21 [lianjia.HttpProxyMiddleware] DEBUG: None 301 http://bj.lianjia.com/ershoufang/101101424688.html
2017-05-23 21:46:21 [lianjia.HttpProxyMiddleware] INFO: response status not in spider.website_possible_httpstatus_list
2017-05-23 21:46:21 [lianjia.HttpProxyMiddleware] INFO: trust proxy {'count': 59, 'valid': True, 'proxy': None}
2017-05-23 21:46:21 [lianjia.HttpProxyMiddleware] INFO: captcha thrashing
2017-05-23 21:46:21 [lianjia.HttpProxyMiddleware] INFO: reset proxyes to valid
2017-05-23 21:46:21 [lianjia.HttpProxyMiddleware] INFO: reset proxyes to valid
2017-05-23 21:46:21 [lianjia.HttpProxyMiddleware] INFO: now using new proxy: None
2017-05-23 21:46:25 [lianjia.HttpProxyMiddleware] DEBUG: None 301 http://bj.lianjia.com/ershoufang/101101384964.html
2017-05-23 21:46:25 [lianjia.HttpProxyMiddleware] INFO: response status not in spider.website_possible_httpstatus_list
2017-05-23 21:46:25 [lianjia.HttpProxyMiddleware] INFO: trust proxy {'count': 60, 'valid': True, 'proxy': None}
2017-05-23 21:46:25 [lianjia.HttpProxyMiddleware] INFO: captcha thrashing
2017-05-23 21:46:25 [lianjia.HttpProxyMiddleware] INFO: reset proxyes to valid
2017-05-23 21:46:25 [lianjia.HttpProxyMiddleware] INFO: reset proxyes to valid
2017-05-23 21:46:25 [lianjia.HttpProxyMiddleware] INFO: now using new proxy: None
urrent UserAgent:Mozilla/5.0 (X11; U; Linux i686; en-US; rv:1.8.1.16) Gecko/20080715 Fedora/2.0.0.16-1.fc8 Firefox/2.0.0.16************
********Current UserAgent:Mozilla/5.0 (Windows; U; Windows NT 5.1; en-US; rv:1.9.1b4pre) Gecko/20090411 Shiretoko/3.5b4pre************
********Current UserAgent:Mozilla/5.0 (X11; U; SunOS i86pc; en-US; rv:1.9.0.4) Gecko/2008111710 Firefox/3.0.4************
********Current UserAgent:Mozilla/5.0 (compatible; Konqueror/3.0-rc5; i686 Linux; 20021208)************
********Current UserAgent:Mozilla/5.0 (X11; U; Linux i686; en-US; rv:1.9.2.3) Gecko/20100404 Ubuntu/10.04 (lucid) Firefox/3.6.3************
********Current UserAgent:Mozilla/5.0 (Windows; U; Windows NT 6.0; en-US; rv:1.9.0.4) Gecko/2008112016 Firefox/3.0.4 Flock/2.0.2************
********Current UserAgent:Mozilla/5.0 (X11; U; Slackware Linux i686; en-US; rv:1.9.0.10) Gecko/2009042315 Firefox/3.0.10************
********Current UserAgent:Mozilla/5.0 (Macintosh; U; PPC Mac OS X; en-US) AppleWebKit/420+ (KHTML, like Gecko, Safari/420) OmniWeb/v603************
********Current UserAgent:Mozilla/5.0 (Windows; U; Windows NT 5.1; zh-CN; rv:1.8.1.16) Gecko/20080702 Firefox/2.0.0.17************
********Current UserAgent:Opera/9.63 (Windows NT 6.0; U; en) Presto/2.1.1************
********Current UserAgent:Mozilla/5.0 (Windows; U; Windows NT 5.1; en-US; rv:1.9.2.20) Gecko/20110803 AskTbFWV5/3.13.0.17701 Firefox/3.6.20 ( .NET CLR 3.5.30729)************
********Current UserAgent:Mozilla/5.0 (Windows; U; Windows NT 5.0; fr-FR; rv:1.1) Gecko/20020826************
********Current UserAgent:Mozilla/5.0 (Windows; U; Windows NT 5.1; en-US; rv:1.8.1.17pre) Gecko/20080716 K-Meleon/1.5.0************
********Current UserAgent:Mozilla/5.0 (Windows; U; Windows NT 5.1; en-US) AppleWebKit/532.1 (KHTML, like Gecko) Chrome/4.0.219.4 Safari/532.1************
********Current UserAgent:Mozilla/5.0 (OS/2; U; Warp 4.5; de-DE; rv:1.7.5) Gecko/20050523************
********Current UserAgent:Opera/9.80 (Windows NT 6.1; U; ja) Presto/2.5.22 Version/10.50************
********Current UserAgent:Mozilla/5.0 (Windows; U; Windows NT 5.1; ja-JP) AppleWebKit/533.3 (KHTML, like Gecko) Lunascape/6.3.4.23051 Safari/533.3************
********Current UserAgent:Mozilla/5.0 (Macintosh; U; Intel Mac OS X 10_6_4; en-US) AppleWebKit/534.3 (KHTML, like Gecko) Chrome/6.0.464.0 Safari/534.3************
********Current UserAgent:Mozilla/5.0 (X11; U; Linux i686; en-US; rv:1.8.1.14) Gecko/20061201 Firefox/2.0.0.14 (Ubuntu-feisty)************
********Current UserAgent:Mozilla/5.0 (X11; U; Linux x86_64; hu-HU; rv:1.9.2.18pre) Gecko/20110515 Ubuntu/10.10 (maverick) Namoroka/3.6.18pre************
********Current UserAgent:Mozilla/5.0 (Windows; U; Win 9x 4.90; en-US; rv:1.0.1) Gecko/20020826************
********Current UserAgent:Mozilla/5.0 (Windows; U; Windows NT 6.1; en-US; rv:1.9.2.3) Gecko/20100401 Firefox/3.5.3;MEGAUPLOAD 1.0 ( .NET CLR 3.5.30729)************
********Current UserAgent:Mozilla/5.0 (Macintosh; U; PPC Mac OS X; es-es) AppleWebKit/125.2 (KHTML, like Gecko) Safari/125.8************
********Current UserAgent:Mozilla/5.0 (X11; U; Linux i686; en-GB; rv:1.8.1.9) Gecko/20071105 Firefox/2.0.0.9************
********Current UserAgent:Mozilla/5.0 (Windows; U; Windows NT 5.1; en-US) AppleWebKit/532.1 (KHTML, like Gecko) Chrome/4.0.219.0 Safari/532.1************
********Current UserAgent:Mozilla/5.0 (Windows; U; Windows NT 5.1; en-US) AppleWebKit/525.13 (KHTML, like Gecko) Fluid/0.9.4 Safari/525.13************
********Current UserAgent:Mozilla/5.0 (Windows 2000; U) Opera 6.03 [en]************
********Current UserAgent:Mozilla/5.0 (X11; U; Linux x86_64; en-US; rv:1.9.0.16) Gecko/2009121609 Firefox/3.0.6 (Windows NT 5.1)************
********Current UserAgent:Mozilla/5.0 (Macintosh; U; PPC Mac OS X; en) AppleWebKit/124 (KHTML, like Gecko) Safari/125************
********Current UserAgent:Mozilla/5.0 (X11; U; Linux i686; de; rv:1.9.0.18) Gecko/2010020400 SUSE/3.0.18-0.1.1 Firefox/3.0.18************
********Current UserAgent:Mozilla/5.0 (X11; U; Linux i686; en-US; rv:1.8.0.9) Gecko/20060911 SUSE/1.5.0.92017-05-23 21:46:28 [lianjia.HttpProxyMiddleware] DEBUG: None 301 http://bj.lianjia.com/ershoufang/101101390970.html
2017-05-23 21:46:28 [lianjia.HttpProxyMiddleware] INFO: response status not in spider.website_possible_httpstatus_list
2017-05-23 21:46:28 [lianjia.HttpProxyMiddleware] INFO: trust proxy {'count': 61, 'valid': True, 'proxy': None}
2017-05-23 21:46:28 [lianjia.HttpProxyMiddleware] INFO: captcha thrashing
2017-05-23 21:46:28 [lianjia.HttpProxyMiddleware] INFO: reset proxyes to valid
2017-05-23 21:46:28 [lianjia.HttpProxyMiddleware] INFO: reset proxyes to valid
2017-05-23 21:46:28 [lianjia.HttpProxyMiddleware] INFO: now using new proxy: None
2017-05-23 21:46:28 [lianjia.HttpProxyMiddleware] INFO: After 60 times later, stop localhost
2017-05-23 21:46:28 [lianjia.HttpProxyMiddleware] INFO: captcha thrashing
2017-05-23 21:46:28 [lianjia.HttpProxyMiddleware] INFO: reset proxyes to valid
2017-05-23 21:46:28 [lianjia.HttpProxyMiddleware] INFO: reset proxyes to valid
2017-05-23 21:46:28 [lianjia.HttpProxyMiddleware] INFO: now using new proxy: None
2017-05-23 21:46:33 [lianjia.HttpProxyMiddleware] DEBUG: None 301 http://bj.lianjia.com/ershoufang/101101002627.html
2017-05-23 21:46:33 [lianjia.HttpProxyMiddleware] INFO: response status not in spider.website_possible_httpstatus_list
2017-05-23 21:46:33 [lianjia.HttpProxyMiddleware] INFO: trust proxy {'count': 62, 'valid': True, 'proxy': None}
2017-05-23 21:46:33 [lianjia.HttpProxyMiddleware] INFO: captcha thrashing
2017-05-23 21:46:33 [lianjia.HttpProxyMiddleware] INFO: reset proxyes to valid
2017-05-23 21:46:33 [lianjia.HttpProxyMiddleware] INFO: reset proxyes to valid
2017-05-23 21:46:33 [lianjia.HttpProxyMiddleware] INFO: now using new proxy: None
2017-05-23 21:46:37 [lianjia.HttpProxyMiddleware] DEBUG: None 301 http://bj.lianjia.com/ershoufang/101101304809.html
2017-05-23 21:46:37 [lianjia.HttpProxyMiddleware] INFO: response status not in spider.website_possible_httpstatus_list
2017-05-23 21:46:37 [lianjia.HttpProxyMiddleware] INFO: trust proxy {'count': 63, 'valid': True, 'proxy': None}
2017-05-23 21:46:37 [lianjia.HttpProxyMiddleware] INFO: captcha thrashing
2017-05-23 21:46:37 [lianjia.HttpProxyMiddleware] INFO: reset proxyes to valid
2017-05-23 21:46:37 [lianjia.HttpProxyMiddleware] INFO: reset proxyes to valid
2017-05-23 21:46:37 [lianjia.HttpProxyMiddleware] INFO: now using new proxy: None
2017-05-23 21:46:41 [lianjia.HttpProxyMiddleware] DEBUG: None 301 http://bj.lianjia.com/ershoufang/101101057880.html
2017-05-23 21:46:41 [lianjia.HttpProxyMiddleware] INFO: response status not in spider.website_possible_httpstatus_list
2017-05-23 21:46:41 [lianjia.HttpProxyMiddleware] INFO: trust proxy {'count': 64, 'valid': True, 'proxy': None}
2017-05-23 21:46:41 [lianjia.HttpProxyMiddleware] INFO: captcha thrashing
2017-05-23 21:46:41 [lianjia.HttpProxyMiddleware] INFO: reset proxyes to valid
2017-05-23 21:46:41 [lianjia.HttpProxyMiddleware] INFO: reset proxyes to valid
2017-05-23 21:46:41 [lianjia.HttpProxyMiddleware] INFO: now using new proxy: None
2017-05-23 21:46:45 [lianjia.HttpProxyMiddleware] DEBUG: None 301 http://bj.lianjia.com/ershoufang/101101363320.html
2017-05-23 21:46:45 [lianjia.HttpProxyMiddleware] INFO: response status not in spider.website_possible_httpstatus_list
2017-05-23 21:46:45 [lianjia.HttpProxyMiddleware] INFO: trust proxy {'count': 65, 'valid': True, 'proxy': None}
2017-05-23 21:46:45 [lianjia.HttpProxyMiddleware] INFO: captcha thrashing
2017-05-23 21:46:45 [lianjia.HttpProxyMiddleware] INFO: reset proxyes to valid
2017-05-23 21:46:45 [lianjia.HttpProxyMiddleware] INFO: reset proxyes to valid
2017-05-23 21:46:45 [lianjia.HttpProxyMiddleware] INFO: now using new proxy: None
2017-05-23 21:46:49 [lianjia.HttpProxyMiddleware] DEBUG: None 301 http://bj.lianjia.com/ershoufang/101101574379.html
2017-05-23 21:46:49 [lianjia.HttpProxyMiddleware] INFO: response status not in spider.website_possible_httpstatus_list
2017-05-23 21:46:49 [lianjia.HttpProxyMiddleware] INFO: trust proxy {'count': 66, 'valid': True, 'proxy': None}
2017-05-23 21:46:49 [lianjia.HttpProxyMiddleware] INFO: captcha thrashing
2017-05-23 21:46:49 [lianjia.HttpProxyMiddleware] INFO: reset proxyes to valid
2017-05-23 21:46:49 [lianjia.HttpProxyMiddleware] INFO: reset proxyes to valid
2017-05-23 21:46:49 [lianjia.HttpProxyMiddleware] INFO: now using new proxy: None
2017-05-23 21:46:50 [scrapy] INFO: Crawled 0 pages (at 0 pages/min), scraped 0 items (at 0 items/min)
2017-05-23 21:46:53 [lianjia.HttpProxyMiddleware] DEBUG: None 301 http://bj.lianjia.com/ershoufang/101101255037.html
2017-05-23 21:46:53 [lianjia.HttpProxyMiddleware] INFO: response status not in spider.website_possible_httpstatus_list
2017-05-23 21:46:53 [lianjia.HttpProxyMiddleware] INFO: trust proxy {'count': 67, 'valid': True, 'proxy': None}
2017-05-23 21:46:53 [lianjia.HttpProxyMiddleware] INFO: captcha thrashing
2017-05-23 21:46:53 [lianjia.HttpProxyMiddleware] INFO: reset proxyes to valid
2017-05-23 21:46:53 [lianjia.HttpProxyMiddleware] INFO: reset proxyes to valid
2017-05-23 21:46:53 [lianjia.HttpProxyMiddleware] INFO: now using new proxy: None
2017-05-23 21:46:57 [lianjia.HttpProxyMiddleware] DEBUG: None 301 http://bj.lianjia.com/ershoufang/101101508375.html
2017-05-23 21:46:57 [lianjia.HttpProxyMiddleware] INFO: response status not in spider.website_possible_httpstatus_list
2017-05-23 21:46:57 [lianjia.HttpProxyMiddleware] INFO: trust proxy {'count': 68, 'valid': True, 'proxy': None}
2017-05-23 21:46:57 [lianjia.HttpProxyMiddleware] INFO: captcha thrashing
2017-05-23 21:46:57 [lianjia.HttpProxyMiddleware] INFO: reset proxyes to valid
2017-05-23 21:46:57 [lianjia.HttpProxyMiddleware] INFO: reset proxyes to valid
2017-05-23 21:46:57 [lianjia.HttpProxyMiddleware] INFO: now using new proxy: None
2017-05-23 21:46:59 [lianjia.HttpProxyMiddleware] DEBUG: None 301 http://bj.lianjia.com/ershoufang/101101566655.html
2017-05-23 21:46:59 [lianjia.HttpProxyMiddleware] INFO: response status not in spider.website_possible_httpstatus_list
2017-05-23 21:46:59 [lianjia.HttpProxyMiddleware] INFO: trust proxy {'count': 69, 'valid': True, 'proxy': None}
2017-05-23 21:46:59 [lianjia.HttpProxyMiddleware] INFO: captcha thrashing
2017-05-23 21:46:59 [lianjia.HttpProxyMiddleware] INFO: reset proxyes to valid
2017-05-23 21:46:59 [lianjia.HttpProxyMiddleware] INFO: reset proxyes to valid
2017-05-23 21:46:59 [lianjia.HttpProxyMiddleware] INFO: now using new proxy: None
2017-05-23 21:47:02 [lianjia.HttpProxyMiddleware] DEBUG: None 301 http://bj.lianjia.com/ershoufang/101100659977.html
2017-05-23 21:47:02 [lianjia.HttpProxyMiddleware] INFO: response status not in spider.website_possible_httpstatus_list
2017-05-23 21:47:02 [lianjia.HttpProxyMiddleware] INFO: trust proxy {'count': 70, 'valid': True, 'proxy': None}
2017-05-23 21:47:02 [lianjia.HttpProxyMiddleware] INFO: captcha thrashing
2017-05-23 21:47:02 [lianjia.HttpProxyMiddleware] INFO: reset proxyes to valid
2017-05-23 21:47:02 [lianjia.HttpProxyMiddleware] INFO: reset proxyes to valid
2017-05-23 21:47:02 [lianjia.HttpProxyMiddleware] INFO: now using new proxy: None
2017-05-23 21:47:07 [lianjia.HttpProxyMiddleware] DEBUG: None 301 http://bj.lianjia.com/ershoufang/101091627556.html
2017-05-23 21:47:07 [lianjia.HttpProxyMiddleware] INFO: response status not in spider.website_possible_httpstatus_list
2017-05-23 21:47:07 [lianjia.HttpProxyMiddleware] INFO: trust proxy {'count': 71, 'valid': True, 'proxy': None}
2017-05-23 21:47:07 [lianjia.HttpProxyMiddleware] INFO: captcha thrashing
2017-05-23 21:47:07 [lianjia.HttpProxyMiddleware] INFO: reset proxyes to valid
2017-05-23 21:47:07 [lianjia.HttpProxyMiddleware] INFO: reset proxyes to valid
2017-05-23 21:47:07 [lianjia.HttpProxyMiddleware] INFO: now using new proxy: None
2017-05-23 21:47:11 [lianjia.HttpProxyMiddleware] DEBUG: None 301 http://bj.lianjia.com/ershoufang/101101415514.html
2017-05-23 21:47:11 [lianjia.HttpProxyMiddleware] INFO: response status not in spider.website_possible_httpstatus_list
2017-05-23 21:47:11 [lianjia.HttpProxyMiddleware] INFO: trust proxy {'count': 72, 'valid': True, 'proxy': None}
2017-05-23 21:47:11 [lianjia.HttpProxyMiddleware] INFO: captcha thrashing
2017-05-23 21:47:11 [lianjia.HttpProxyMiddleware] INFO: reset proxyes to valid
2017-05-23 21:47:11 [lianjia.HttpProxyMiddleware] INFO: reset proxyes to valid
2017-05-23 21:47:11 [lianjia.HttpProxyMiddleware] INFO: now using new proxy: None
2017-05-23 21:47:16 [lianjia.HttpProxyMiddleware] DEBUG: None 301 http://bj.lianjia.com/ershoufang/101101416521.html
2017-05-23 21:47:16 [lianjia.HttpProxyMiddleware] INFO: response status not in spider.website_possible_httpstatus_list
2017-05-23 21:47:16 [lianjia.HttpProxyMiddleware] INFO: trust proxy {'count': 73, 'valid': True, 'proxy': None}
2017-05-23 21:47:16 [lianjia.HttpProxyMiddleware] INFO: captcha thrashing
2017-05-23 21:47:16 [lianjia.HttpProxyMiddleware] INFO: reset proxyes to valid
2017-05-23 21:47:16 [lianjia.HttpProxyMiddleware] INFO: reset proxyes to valid
2017-05-23 21:47:16 [lianjia.HttpProxyMiddleware] INFO: now using new proxy: None
2017-05-23 21:47:20 [lianjia.HttpProxyMiddleware] DEBUG: None 301 http://bj.lianjia.com/ershoufang/101101419921.html
2017-05-23 21:47:20 [lianjia.HttpProxyMiddleware] INFO: response status not in spider.website_possible_httpstatus_list
2017-05-23 21:47:20 [lianjia.HttpProxyMiddleware] INFO: trust proxy {'count': 74, 'valid': True, 'proxy': None}
2017-05-23 21:47:20 [lianjia.HttpProxyMiddleware] INFO: captcha thrashing
2017-05-23 21:47:20 [lianjia.HttpProxyMiddleware] INFO: reset proxyes to valid
2017-05-23 21:47:20 [lianjia.HttpProxyMiddleware] INFO: reset proxyes to valid
2017-05-23 21:47:20 [lianjia.HttpProxyMiddleware] INFO: now using new proxy: None
2017-05-23 21:47:23 [lianjia.HttpProxyMiddleware] DEBUG: None 301 http://bj.lianjia.com/ershoufang/101101424688.html
2017-05-23 21:47:23 [lianjia.HttpProxyMiddleware] INFO: response status not in spider.website_possible_httpstatus_list
2017-05-23 21:47:23 [lianjia.HttpProxyMiddleware] INFO: trust proxy {'count': 75, 'valid': True, 'proxy': None}
2017-05-23 21:47:23 [lianjia.HttpProxyMiddleware] INFO: captcha thrashing
2017-05-23 21:47:23 [lianjia.HttpProxyMiddleware] INFO: reset proxyes to valid
2017-05-23 21:47:23 [lianjia.HttpProxyMiddleware] INFO: reset proxyes to valid
2017-05-23 21:47:23 [lianjia.HttpProxyMiddleware] INFO: now using new proxy: None
2017-05-23 21:47:27 [lianjia.HttpProxyMiddleware] DEBUG: None 301 http://bj.lianjia.com/ershoufang/101101384964.html
2017-05-23 21:47:27 [lianjia.HttpProxyMiddleware] INFO: response status not in spider.website_possible_httpstatus_list
2017-05-23 21:47:27 [lianjia.HttpProxyMiddleware] INFO: trust proxy {'count': 76, 'valid': True, 'proxy': None}
2017-05-23 21:47:27 [lianjia.HttpProxyMiddleware] INFO: captcha thrashing
2017-05-23 21:47:27 [lianjia.HttpProxyMiddleware] INFO: reset proxyes to valid
2017-05-23 21:47:27 [lianjia.HttpProxyMiddleware] INFO: reset proxyes to valid
2017-05-23 21:47:27 [lianjia.HttpProxyMiddleware] INFO: now using new proxy: None
2017-05-23 21:47:31 [lianjia.HttpProxyMiddleware] DEBUG: None 301 http://bj.lianjia.com/ershoufang/101101390970.html
2017-05-23 21:47:31 [lianjia.HttpProxyMiddleware] INFO: response status not in spider.website_possible_httpstatus_list
2017-05-23 21:47:31 [lianjia.HttpProxyMiddleware] INFO: trust proxy {'count': 77, 'valid': True, 'proxy': None}
2017-05-23 21:47:31 [lianjia.HttpProxyMiddleware] INFO: captcha thrashing
2017-05-23 21:47:31 [lianjia.HttpProxyMiddleware] INFO: reset proxyes to valid
2017-05-23 21:47:31 [lianjia.HttpProxyMiddleware] INFO: reset proxyes to valid
2017-05-23 21:47:31 [lianjia.HttpProxyMiddleware] INFO: now using new proxy: None
2017-05-23 21:47:35 [lianjia.HttpProxyMiddleware] DEBUG: None 301 http://bj.lianjia.com/ershoufang/101101002627.html
2017-05-23 21:47:35 [lianjia.HttpProxyMiddleware] INFO: response status not in spider.website_possible_httpstatus_list
2017-05-23 21:47:35 [lianjia.HttpProxyMiddleware] INFO: trust proxy {'count': 78, 'valid': True, 'proxy': None}
2017-05-23 21:47:35 [lianjia.HttpProxyMiddleware] INFO: captcha thrashing
2017-05-23 21:47:35 [lianjia.HttpProxyMiddleware] INFO: reset proxyes to valid
2017-05-23 21:47:35 [lianjia.HttpProxyMiddleware] INFO: reset proxyes to valid
2017-05-23 21:47:35 [lianjia.HttpProxyMiddleware] INFO: now using new proxy: None
2017-05-23 21:47:38 [lianjia.HttpProxyMiddleware] DEBUG: None 301 http://bj.lianjia.com/ershoufang/101101304809.html
2017-05-23 21:47:38 [lianjia.HttpProxyMiddleware] INFO: response status not in spider.website_possible_httpstatus_list
2017-05-23 21:47:38 [lianjia.HttpProxyMiddleware] INFO: trust proxy {'count': 79, 'valid': True, 'proxy': None}
2017-05-23 21:47:38 [lianjia.HttpProxyMiddleware] INFO: captcha thrashing
2017-05-23 21:47:38 [lianjia.HttpProxyMiddleware] INFO: reset proxyes to valid
2017-05-23 21:47:38 [lianjia.HttpProxyMiddleware] INFO: reset proxyes to valid
2017-05-23 21:47:38 [lianjia.HttpProxyMiddleware] INFO: now using new proxy: None
2017-05-23 21:47:42 [lianjia.HttpProxyMiddleware] DEBUG: None 301 http://bj.lianjia.com/ershoufang/101101057880.html
2017-05-23 21:47:42 [lianjia.HttpProxyMiddleware] INFO: response status not in spider.website_possible_httpstatus_list
2017-05-23 21:47:42 [lianjia.HttpProxyMiddleware] INFO: trust proxy {'count': 80, 'valid': True, 'proxy': None}
2017-05-23 21:47:42 [lianjia.HttpProxyMiddleware] INFO: captcha thrashing
2017-05-23 21:47:42 [lianjia.HttpProxyMiddleware] INFO: reset proxyes to valid
2017-05-23 21:47:42 [lianjia.HttpProxyMiddleware] INFO: reset proxyes to valid
2017-05-23 21:47:42 [lianjia.HttpProxyMiddleware] INFO: now using new proxy: None
2017-05-23 21:47:44 [lianjia.HttpProxyMiddleware] DEBUG: None 301 http://bj.lianjia.com/ershoufang/101101363320.html
2017-05-23 21:47:44 [lianjia.HttpProxyMiddleware] INFO: response status not in spider.website_possible_httpstatus_list
2017-05-23 21:47:44 [lianjia.HttpProxyMiddleware] INFO: trust proxy {'count': 81, 'valid': True, 'proxy': None}
2017-05-23 21:47:44 [lianjia.HttpProxyMiddleware] INFO: captcha thrashing
2017-05-23 21:47:44 [lianjia.HttpProxyMiddleware] INFO: reset proxyes to valid
2017-05-23 21:47:44 [lianjia.HttpProxyMiddleware] INFO: reset proxyes to valid
2017-05-23 21:47:44 [lianjia.HttpProxyMiddleware] INFO: now using new proxy: None
2017-05-23 21:47:48 [lianjia.HttpProxyMiddleware] DEBUG: None 301 http://bj.lianjia.com/ershoufang/101101574379.html
2017-05-23 21:47:48 [lianjia.HttpProxyMiddleware] INFO: response status not in spider.website_possible_httpstatus_list
2017-05-23 21:47:48 [lianjia.HttpProxyMiddleware] INFO: trust proxy {'count': 82, 'valid': True, 'proxy': None}
2017-05-23 21:47:48 [lianjia.HttpProxyMiddleware] INFO: captcha thrashing
2017-05-23 21:47:48 [lianjia.HttpProxyMiddleware] INFO: reset proxyes to valid
2017-05-23 21:47:48 [lianjia.HttpProxyMiddleware] INFO: reset proxyes to valid
2017-05-23 21:47:48 [lianjia.HttpProxyMiddleware] INFO: now using new proxy: None
2017-05-23 21:47:50 [scrapy] INFO: Crawled 0 pages (at 0 pages/min), scraped 0 items (at 0 items/min)
2017-05-23 21:47:51 [lianjia.HttpProxyMiddleware] DEBUG: None 301 http://bj.lianjia.com/ershoufang/101101255037.html
2017-05-23 21:47:51 [lianjia.HttpProxyMiddleware] INFO: response status not in spider.website_possible_httpstatus_list
2017-05-23 21:47:51 [lianjia.HttpProxyMiddleware] INFO: trust proxy {'count': 83, 'valid': True, 'proxy': None}
2017-05-23 21:47:51 [lianjia.HttpProxyMiddleware] INFO: captcha thrashing
2017-05-23 21:47:51 [lianjia.HttpProxyMiddleware] INFO: reset proxyes to valid
2017-05-23 21:47:51 [lianjia.HttpProxyMiddleware] INFO: reset proxyes to valid
2017-05-23 21:47:51 [lianjia.HttpProxyMiddleware] INFO: now using new proxy: None
2017-05-23 21:47:55 [lianjia.HttpProxyMiddleware] DEBUG: None 301 http://bj.lianjia.com/ershoufang/101101508375.html
2017-05-23 21:47:55 [lianjia.HttpProxyMiddleware] INFO: response status not in spider.website_possible_httpstatus_list
2017-05-23 21:47:55 [lianjia.HttpProxyMiddleware] INFO: trust proxy {'count': 84, 'valid': True, 'proxy': None}
2017-05-23 21:47:55 [lianjia.HttpProxyMiddleware] INFO: captcha thrashing
2017-05-23 21:47:55 [lianjia.HttpProxyMiddleware] INFO: reset proxyes to valid
2017-05-23 21:47:55 [lianjia.HttpProxyMiddleware] INFO: reset proxyes to valid
2017-05-23 21:47:55 [lianjia.HttpProxyMiddleware] INFO: now using new proxy: None
2017-05-23 21:47:59 [lianjia.HttpProxyMiddleware] DEBUG: None 301 http://bj.lianjia.com/ershoufang/101101566655.html
2017-05-23 21:47:59 [lianjia.HttpProxyMiddleware] INFO: response status not in spider.website_possible_httpstatus_list
2017-05-23 21:47:59 [lianjia.HttpProxyMiddleware] INFO: trust proxy {'count': 85, 'valid': True, 'proxy': None}
2017-05-23 21:47:59 [lianjia.HttpProxyMiddleware] INFO: captcha thrashing
2017-05-23 21:47:59 [lianjia.HttpProxyMiddleware] INFO: reset proxyes to valid
2017-05-23 21:47:59 [lianjia.HttpProxyMiddleware] INFO: reset proxyes to valid
2017-05-23 21:47:59 [lianjia.HttpProxyMiddleware] INFO: now using new proxy: None
2017-05-23 21:48:01 [lianjia.HttpProxyMiddleware] DEBUG: None 301 http://bj.lianjia.com/ershoufang/101100659977.html
2017-05-23 21:48:01 [lianjia.HttpProxyMiddleware] INFO: response status not in spider.website_possible_httpstatus_list
2017-05-23 21:48:01 [lianjia.HttpProxyMiddleware] INFO: trust proxy {'count': 86, 'valid': True, 'proxy': None}
2017-05-23 21:48:01 [lianjia.HttpProxyMiddleware] INFO: captcha thrashing
2017-05-23 21:48:01 [lianjia.HttpProxyMiddleware] INFO: reset proxyes to valid
2017-05-23 21:48:01 [lianjia.HttpProxyMiddleware] INFO: reset proxyes to valid
2017-05-23 21:48:01 [lianjia.HttpProxyMiddleware] INFO: now using new proxy: None
2017-05-23 21:48:04 [lianjia.HttpProxyMiddleware] DEBUG: None 301 http://bj.lianjia.com/ershoufang/101091627556.html
2017-05-23 21:48:04 [lianjia.HttpProxyMiddleware] INFO: response status not in spider.website_possible_httpstatus_list
2017-05-23 21:48:04 [lianjia.HttpProxyMiddleware] INFO: trust proxy {'count': 87, 'valid': True, 'proxy': None}
2017-05-23 21:48:04 [lianjia.HttpProxyMiddleware] INFO: captcha thrashing
2017-05-23 21:48:04 [lianjia.HttpProxyMiddleware] INFO: reset proxyes to valid
2017-05-23 21:48:04 [lianjia.HttpProxyMiddleware] INFO: reset proxyes to valid
2017-05-23 21:48:04 [lianjia.HttpProxyMiddleware] INFO: now using new proxy: None
2017-05-23 21:48:07 [lianjia.HttpProxyMiddleware] DEBUG: None 301 http://bj.lianjia.com/ershoufang/101101415514.html
2017-05-23 21:48:07 [lianjia.HttpProxyMiddleware] INFO: response status not in spider.website_possible_httpstatus_list
2017-05-23 21:48:07 [lianjia.HttpProxyMiddleware] INFO: trust proxy {'count': 88, 'valid': True, 'proxy': None}
2017-05-23 21:48:07 [lianjia.HttpProxyMiddleware] INFO: captcha thrashing
2017-05-23 21:48:07 [lianjia.HttpProxyMiddleware] INFO: reset proxyes to valid
2017-05-23 21:48:07 [lianjia.HttpProxyMiddleware] INFO: reset proxyes to valid
2017-05-23 21:48:07 [lianjia.HttpProxyMiddleware] INFO: now using new proxy: None
2017-05-23 21:48:11 [lianjia.HttpProxyMiddleware] DEBUG: None 301 http://bj.lianjia.com/ershoufang/101101416521.html
2017-05-23 21:48:11 [lianjia.HttpProxyMiddleware] INFO: response status not in spider.website_possible_httpstatus_list
2017-05-23 21:48:11 [lianjia.HttpProxyMiddleware] INFO: trust proxy {'count': 89, 'valid': True, 'proxy': None}
2017-05-23 21:48:11 [lianjia.HttpProxyMiddleware] INFO: captcha thrashing
2017-05-23 21:48:11 [lianjia.HttpProxyMiddleware] INFO: reset proxyes to valid
2017-05-23 21:48:11 [lianjia.HttpProxyMiddleware] INFO: reset proxyes to valid
2017-05-23 21:48:11 [lianjia.HttpProxyMiddleware] INFO: now using new proxy: None
2017-05-23 21:48:14 [lianjia.HttpProxyMiddleware] DEBUG: None 301 http://bj.lianjia.com/ershoufang/101101419921.html
2017-05-23 21:48:14 [lianjia.HttpProxyMiddleware] INFO: response status not in spider.website_possible_httpstatus_list
2017-05-23 21:48:14 [lianjia.HttpProxyMiddleware] INFO: trust proxy {'count': 90, 'valid': True, 'proxy': None}
2017-05-23 21:48:14 [lianjia.HttpProxyMiddleware] INFO: captcha thrashing
2017-05-23 21:48:14 [lianjia.HttpProxyMiddleware] INFO: reset proxyes to valid
2017-05-23 21:48:14 [lianjia.HttpProxyMiddleware] INFO: reset proxyes to valid
2017-05-23 21:48:14 [lianjia.HttpProxyMiddleware] INFO: now using new proxy: None
2017-05-23 21:48:17 [lianjia.HttpProxyMiddleware] DEBUG: None 301 http://bj.lianjia.com/ershoufang/101101424688.html
2017-05-23 21:48:17 [lianjia.HttpProxyMiddleware] INFO: response status not in spider.website_possible_httpstatus_list
2017-05-23 21:48:17 [lianjia.HttpProxyMiddleware] INFO: trust proxy {'count': 91, 'valid': True, 'proxy': None}
2017-05-23 21:48:17 [lianjia.HttpProxyMiddleware] INFO: captcha thrashing
2017-05-23 21:48:17 [lianjia.HttpProxyMiddleware] INFO: reset proxyes to valid
2017-05-23 21:48:17 [lianjia.HttpProxyMiddleware] INFO: reset proxyes to valid
2017-05-23 21:48:17 [lianjia.HttpProxyMiddleware] INFO: now using new proxy: None
2017-05-23 21:48:21 [lianjia.HttpProxyMiddleware] DEBUG: None 301 http://bj.lianjia.com/ershoufang/101101384964.html
2017-05-23 21:48:21 [lianjia.HttpProxyMiddleware] INFO: response status not in spider.website_possible_httpstatus_list
2017-05-23 21:48:21 [lianjia.HttpProxyMiddleware] INFO: trust proxy {'count': 92, 'valid': True, 'proxy': None}
2017-05-23 21:48:21 [lianjia.HttpProxyMiddleware] INFO: captcha thrashing
2017-05-23 21:48:21 [lianjia.HttpProxyMiddleware] INFO: reset proxyes to valid
2017-05-23 21:48:21 [lianjia.HttpProxyMiddleware] INFO: reset proxyes to valid
2017-05-23 21:48:21 [lianjia.HttpProxyMiddleware] INFO: now using new proxy: None
2017-05-23 21:48:25 [lianjia.HttpProxyMiddleware] DEBUG: None 301 http://bj.lianjia.com/ershoufang/101101390970.html
2017-05-23 21:48:25 [lianjia.HttpProxyMiddleware] INFO: response status not in spider.website_possible_httpstatus_list
2017-05-23 21:48:25 [lianjia.HttpProxyMiddleware] INFO: trust proxy {'count': 93, 'valid': True, 'proxy': None}
2017-05-23 21:48:25 [lianjia.HttpProxyMiddleware] INFO: captcha thrashing
2017-05-23 21:48:25 [lianjia.HttpProxyMiddleware] INFO: reset proxyes to valid
2017-05-23 21:48:25 [lianjia.HttpProxyMiddleware] INFO: reset proxyes to valid
2017-05-23 21:48:25 [lianjia.HttpProxyMiddleware] INFO: now using new proxy: None
2017-05-23 21:48:30 [lianjia.HttpProxyMiddleware] DEBUG: None 301 http://bj.lianjia.com/ershoufang/101101002627.html
2017-05-23 21:48:30 [lianjia.HttpProxyMiddleware] INFO: response status not in spider.website_possible_httpstatus_list
2017-05-23 21:48:30 [lianjia.HttpProxyMiddleware] INFO: trust proxy {'count': 94, 'valid': True, 'proxy': None}
2017-05-23 21:48:30 [lianjia.HttpProxyMiddleware] INFO: captcha thrashing
2017-05-23 21:48:30 [lianjia.HttpProxyMiddleware] INFO: reset proxyes to valid
2017-05-23 21:48:30 [lianjia.HttpProxyMiddleware] INFO: reset proxyes to valid
2017-05-23 21:48:30 [lianjia.HttpProxyMiddleware] INFO: now using new proxy: None
-3.2 Firefox/1.5.0.9************
********Current UserAgent:Mozilla/5.0 (X11; U; Linux i686; en-GB; rv:1.9.2.12) Gecko/20101027 Ubuntu/10.10 (maverick) Firefox/3.6.12 GTB7.1************
********Current UserAgent:Mozilla/5.0 (X11; U; Linux i686; ja-JP; rv:1.9.1.8) Gecko/20100216 Fedora/3.5.8-1.fc12 Firefox/3.5.8************
********Current UserAgent:Mozilla/5.0 (X11; U; Linux i686; en-US) AppleWebKit/534.13 (KHTML, like Gecko) Ubuntu/9.10 Chromium/9.0.592.0 Chrome/9.0.592.0 Safari/534.13************
********Current UserAgent:Mozilla/5.0 (Windows; U; Windows NT 5.1; de-AT; rv:1.8b) Gecko/20050217************
********Current UserAgent:Opera/9.64 (X11; Linux x86_64; U; pl) Presto/2.1.1************
********Current UserAgent:Mozilla/5.0 (Windows; U; WinNT4.0; en-US; rv:0.9.4) Gecko/20011019 Netscape6/6.2************
********Current UserAgent:Mozilla/5.0 (X11; U; Linux i686; de-DE; rv:1.6) Gecko/20040207 Firefox/0.8************
********Current UserAgent:Mozilla/5.0 (X11; U; Linux i686; sv-SE; rv:1.8.0.5) Gecko/20060731 Ubuntu/dapper-security Firefox/1.5.0.5************
********Current UserAgent:Opera/9.64 (Windows NT 6.0; U; pl) Presto/2.1.1************
********Current UserAgent:Mozilla/5.0 (Windows; U; Windows NT 5.1; en-US; rv:1.9.1b4pre) Gecko/20090413 Shiretoko/3.5b4pre************
********Current UserAgent:Opera/9.80 (Windows NT 5.1; U; sk) Presto/2.5.22 Version/10.50************
********Current UserAgent:Mozilla/5.0 (Windows; U; Windows NT 5.1; it-IT) AppleWebKit/525.19 (KHTML, like Gecko) Version/3.1.2 Safari/525.21************
********Current UserAgent:Mozilla/5.0 (X11; U; Linux i686; en-US) AppleWebKit/532.0 (KHTML, like Gecko) Chrome/3.0.198.0 Safari/532.0************
********Current UserAgent:Mozilla/5.0 (Windows NT 5.2; rv:7.0a1) Gecko/20110605 SeaMonkey/2.2a1pre************
********Current UserAgent:Mozilla/5.0 (Windows; U; Windows NT 6.1; fr; rv:1.9.1.3) Gecko/20090824 Firefox/3.5.3 ( .NET CLR 3.5.30729)************
********Current UserAgent:Mozilla/5.0 (Windows; U; Windows NT 5.1; de-DE; rv:1.8.0.1) Gecko/20060115 K-Meleon/1.0************
********Current UserAgent:Mozilla/5.0 (Windows; U; Windows NT 5.1; en-US; rv:1.9a7) Gecko/2007080210 GranParadiso/3.0a7************
********Current UserAgent:Mozilla/5.0 (X11; U; SunOS sun4u; en-US; rv:1.9b5) Gecko/2008032620 Firefox/3.0b5************
********Current UserAgent:Opera 9.4 (Windows NT 5.3; U; en)************
********Current UserAgent:Mozilla/5.0 (Macintosh; U; PPC Mac OS X; fr) AppleWebKit/412.6 (KHTML, like Gecko) Safari/412.2************
********Current UserAgent:Mozilla/5.0 (X11; U; Linux i686; en-US; rv:1.0.0) Gecko/20020623 Debian/1.0.0-0.woody.1************
********Current UserAgent:Mozilla/5.0 (X11; U; Linux x86_64; en-US; rv:1.8.1.4) Gecko/20070529 SUSE/2.0.0.4-6.1 Firefox/2.0.0.4************
********Current UserAgent:Mozilla/5.0 (Windows; U; Windows NT 5.1; en-US; rv:1.9.1.5) Gecko/20091102 MRA 5.5 (build 02842) Firefox/3.5.5************
********Current UserAgent:Mozilla/5.0 (compatible; Konqueror/3.1-rc5; i686 Linux; 20020910)************
********Current UserAgent:Mozilla/5.0 (X11; U; Linux i686; sk; rv:1.9) Gecko/2008061015 Firefox/3.0************
********Current UserAgent:Mozilla/5.0 (X11; U; Linux i686; en-US; rv:1.8.1.7) Gecko/20070921 Firefox/2.0.0.7************
********Current UserAgent:Opera/9.50 (X11; Linux x86_64; U; nb)************
********Current UserAgent:Opera/8.51 (X11; Linux i686; U; en)************
********Current UserAgent:Mozilla/5.0 (Macintosh; U; PPC Mac OS X; de-de) AppleWebKit/412.6 (KHTML, like Gecko) Safari/412.2_Adobe************
********Current UserAgent:Mozilla/5.0 (X11; U; Linux i686; en-US; rv:1.9a1) Gecko/20061016 Minefield/3.0a1************
********Current UserAgent:Opera/9.01 (Windows NT 5.1; U; en)************
********Current UserAgent:Mozilla/5.0 (X11; U; Linux i686; es-AR; rv:1.8.1.11) Gecko/20071204 Ubuntu/7.10 (gutsy) Firefox/2.0.0.11************
********Current UserAgent:Mozilla/5.0 (Windows; U; Windows NT 6.0; en-GB; rv:1.8.1.16) Gecko/20080702 Firefox/2.0.0.16************
********Current UserAgent:Mozilla/5.0 (Window2017-05-23 21:48:34 [lianjia.HttpProxyMiddleware] DEBUG: None 301 http://bj.lianjia.com/ershoufang/101101304809.html
2017-05-23 21:48:34 [lianjia.HttpProxyMiddleware] INFO: response status not in spider.website_possible_httpstatus_list
2017-05-23 21:48:34 [lianjia.HttpProxyMiddleware] INFO: trust proxy {'count': 95, 'valid': True, 'proxy': None}
2017-05-23 21:48:34 [lianjia.HttpProxyMiddleware] INFO: captcha thrashing
2017-05-23 21:48:34 [lianjia.HttpProxyMiddleware] INFO: reset proxyes to valid
2017-05-23 21:48:34 [lianjia.HttpProxyMiddleware] INFO: reset proxyes to valid
2017-05-23 21:48:34 [lianjia.HttpProxyMiddleware] INFO: now using new proxy: None
2017-05-23 21:48:37 [lianjia.HttpProxyMiddleware] DEBUG: None 301 http://bj.lianjia.com/ershoufang/101101057880.html
2017-05-23 21:48:37 [lianjia.HttpProxyMiddleware] INFO: response status not in spider.website_possible_httpstatus_list
2017-05-23 21:48:37 [lianjia.HttpProxyMiddleware] INFO: trust proxy {'count': 96, 'valid': True, 'proxy': None}
2017-05-23 21:48:37 [lianjia.HttpProxyMiddleware] INFO: captcha thrashing
2017-05-23 21:48:37 [lianjia.HttpProxyMiddleware] INFO: reset proxyes to valid
2017-05-23 21:48:37 [lianjia.HttpProxyMiddleware] INFO: reset proxyes to valid
2017-05-23 21:48:37 [lianjia.HttpProxyMiddleware] INFO: now using new proxy: None
2017-05-23 21:48:42 [lianjia.HttpProxyMiddleware] DEBUG: None 301 http://bj.lianjia.com/ershoufang/101101363320.html
2017-05-23 21:48:42 [lianjia.HttpProxyMiddleware] INFO: response status not in spider.website_possible_httpstatus_list
2017-05-23 21:48:42 [lianjia.HttpProxyMiddleware] INFO: trust proxy {'count': 97, 'valid': True, 'proxy': None}
2017-05-23 21:48:42 [lianjia.HttpProxyMiddleware] INFO: captcha thrashing
2017-05-23 21:48:42 [lianjia.HttpProxyMiddleware] INFO: reset proxyes to valid
2017-05-23 21:48:42 [lianjia.HttpProxyMiddleware] INFO: reset proxyes to valid
2017-05-23 21:48:42 [lianjia.HttpProxyMiddleware] INFO: now using new proxy: None
2017-05-23 21:48:46 [lianjia.HttpProxyMiddleware] DEBUG: None 301 http://bj.lianjia.com/ershoufang/101101574379.html
2017-05-23 21:48:46 [lianjia.HttpProxyMiddleware] INFO: response status not in spider.website_possible_httpstatus_list
2017-05-23 21:48:46 [lianjia.HttpProxyMiddleware] INFO: trust proxy {'count': 98, 'valid': True, 'proxy': None}
2017-05-23 21:48:46 [lianjia.HttpProxyMiddleware] INFO: captcha thrashing
2017-05-23 21:48:46 [lianjia.HttpProxyMiddleware] INFO: reset proxyes to valid
2017-05-23 21:48:46 [lianjia.HttpProxyMiddleware] INFO: reset proxyes to valid
2017-05-23 21:48:46 [lianjia.HttpProxyMiddleware] INFO: now using new proxy: None
2017-05-23 21:48:49 [lianjia.HttpProxyMiddleware] DEBUG: None 301 http://bj.lianjia.com/ershoufang/101101255037.html
2017-05-23 21:48:49 [lianjia.HttpProxyMiddleware] INFO: response status not in spider.website_possible_httpstatus_list
2017-05-23 21:48:49 [lianjia.HttpProxyMiddleware] INFO: trust proxy {'count': 99, 'valid': True, 'proxy': None}
2017-05-23 21:48:49 [lianjia.HttpProxyMiddleware] INFO: captcha thrashing
2017-05-23 21:48:49 [lianjia.HttpProxyMiddleware] INFO: reset proxyes to valid
2017-05-23 21:48:49 [lianjia.HttpProxyMiddleware] INFO: reset proxyes to valid
2017-05-23 21:48:49 [lianjia.HttpProxyMiddleware] INFO: now using new proxy: None
2017-05-23 21:48:50 [scrapy] INFO: Crawled 0 pages (at 0 pages/min), scraped 0 items (at 0 items/min)
2017-05-23 21:48:54 [lianjia.HttpProxyMiddleware] DEBUG: None 301 http://bj.lianjia.com/ershoufang/101101508375.html
2017-05-23 21:48:54 [lianjia.HttpProxyMiddleware] INFO: response status not in spider.website_possible_httpstatus_list
2017-05-23 21:48:54 [lianjia.HttpProxyMiddleware] INFO: trust proxy {'count': 100, 'valid': True, 'proxy': None}
2017-05-23 21:48:54 [lianjia.HttpProxyMiddleware] INFO: captcha thrashing
2017-05-23 21:48:54 [lianjia.HttpProxyMiddleware] INFO: reset proxyes to valid
2017-05-23 21:48:54 [lianjia.HttpProxyMiddleware] INFO: reset proxyes to valid
2017-05-23 21:48:54 [lianjia.HttpProxyMiddleware] INFO: now using new proxy: None
2017-05-23 21:48:57 [lianjia.HttpProxyMiddleware] DEBUG: None 301 http://bj.lianjia.com/ershoufang/101101566655.html
2017-05-23 21:48:57 [lianjia.HttpProxyMiddleware] INFO: response status not in spider.website_possible_httpstatus_list
2017-05-23 21:48:57 [lianjia.HttpProxyMiddleware] INFO: trust proxy {'count': 101, 'valid': True, 'proxy': None}
2017-05-23 21:48:57 [lianjia.HttpProxyMiddleware] INFO: captcha thrashing
2017-05-23 21:48:57 [lianjia.HttpProxyMiddleware] INFO: reset proxyes to valid
2017-05-23 21:48:57 [lianjia.HttpProxyMiddleware] INFO: reset proxyes to valid
2017-05-23 21:48:57 [lianjia.HttpProxyMiddleware] INFO: now using new proxy: None
2017-05-23 21:49:01 [lianjia.HttpProxyMiddleware] DEBUG: None 301 http://bj.lianjia.com/ershoufang/101100659977.html
2017-05-23 21:49:01 [lianjia.HttpProxyMiddleware] INFO: response status not in spider.website_possible_httpstatus_list
2017-05-23 21:49:01 [lianjia.HttpProxyMiddleware] INFO: trust proxy {'count': 102, 'valid': True, 'proxy': None}
2017-05-23 21:49:01 [lianjia.HttpProxyMiddleware] INFO: captcha thrashing
2017-05-23 21:49:01 [lianjia.HttpProxyMiddleware] INFO: reset proxyes to valid
2017-05-23 21:49:01 [lianjia.HttpProxyMiddleware] INFO: reset proxyes to valid
2017-05-23 21:49:01 [lianjia.HttpProxyMiddleware] INFO: now using new proxy: None
